TN:
SF:src\plugin\Model\Model.ts
FN:16,(anonymous_0)
FN:34,(anonymous_1)
FN:38,(anonymous_2)
FN:51,(anonymous_3)
FN:56,(anonymous_4)
FN:64,(anonymous_5)
FN:88,(anonymous_6)
FN:92,(anonymous_7)
FN:96,(anonymous_8)
FN:111,(anonymous_9)
FN:125,(anonymous_10)
FN:132,(anonymous_11)
FN:150,(anonymous_12)
FN:160,(anonymous_13)
FN:188,(anonymous_14)
FN:198,(anonymous_15)
FN:199,(anonymous_16)
FNF:17
FNH:16
FNDA:16,(anonymous_0)
FNDA:1,(anonymous_1)
FNDA:4,(anonymous_2)
FNDA:16,(anonymous_3)
FNDA:2,(anonymous_4)
FNDA:14,(anonymous_5)
FNDA:16,(anonymous_6)
FNDA:5,(anonymous_7)
FNDA:124,(anonymous_8)
FNDA:10,(anonymous_9)
FNDA:13,(anonymous_10)
FNDA:3,(anonymous_11)
FNDA:0,(anonymous_12)
FNDA:13,(anonymous_13)
FNDA:10,(anonymous_14)
FNDA:3,(anonymous_15)
FNDA:12,(anonymous_16)
DA:17,16
DA:18,16
DA:20,16
DA:21,16
DA:22,16
DA:23,16
DA:25,16
DA:35,1
DA:36,1
DA:38,1
DA:39,4
DA:41,4
DA:48,1
DA:52,16
DA:53,16
DA:54,16
DA:56,16
DA:57,2
DA:58,2
DA:60,2
DA:61,2
DA:64,16
DA:65,14
DA:66,14
DA:68,14
DA:69,14
DA:70,14
DA:71,14
DA:72,14
DA:74,14
DA:75,1
DA:76,13
DA:77,5
DA:79,14
DA:82,16
DA:83,16
DA:85,16
DA:89,16
DA:93,5
DA:97,124
DA:98,124
DA:99,124
DA:101,124
DA:103,116
DA:105,7
DA:107,1
DA:112,10
DA:114,3
DA:115,3
DA:116,3
DA:117,3
DA:118,3
DA:120,3
DA:121,2
DA:122,1
DA:126,13
DA:129,13
DA:133,3
DA:136,3
DA:140,3
DA:142,1
DA:144,1
DA:146,1
DA:151,0
DA:153,0
DA:155,0
DA:161,13
DA:162,13
DA:165,13
DA:166,10
DA:172,10
DA:175,3
DA:176,3
DA:177,3
DA:180,3
DA:181,2
DA:189,10
DA:191,10
DA:199,3
DA:200,12
DA:203,3
DA:214,1
LF:82
LH:79
BRDA:20,0,0,10
BRDA:20,0,1,6
BRDA:21,1,0,14
BRDA:21,1,1,2
BRDA:53,2,0,16
BRDA:53,2,1,7
BRDA:54,3,0,16
BRDA:54,3,1,15
BRDA:57,4,0,2
BRDA:57,4,1,1
BRDA:58,5,0,2
BRDA:58,5,1,1
BRDA:60,6,0,0
BRDA:60,6,1,2
BRDA:61,7,0,0
BRDA:61,7,1,2
BRDA:65,8,0,1
BRDA:65,8,1,13
BRDA:66,9,0,1
BRDA:66,9,1,13
BRDA:68,10,0,14
BRDA:68,10,1,8
BRDA:69,11,0,14
BRDA:69,11,1,6
BRDA:70,12,0,14
BRDA:70,12,1,8
BRDA:71,13,0,14
BRDA:71,13,1,4
BRDA:72,14,0,14
BRDA:72,14,1,4
BRDA:74,15,0,1
BRDA:74,15,1,13
BRDA:76,16,0,5
BRDA:76,16,1,8
BRDA:79,17,0,1
BRDA:79,17,1,13
BRDA:82,18,0,14
BRDA:82,18,1,2
BRDA:83,19,0,2
BRDA:83,19,1,14
BRDA:97,20,0,124
BRDA:97,20,1,8
BRDA:99,21,0,124
BRDA:99,21,1,8
BRDA:102,22,0,116
BRDA:102,22,1,7
BRDA:102,22,2,1
BRDA:112,23,0,7
BRDA:112,23,1,3
BRDA:117,24,0,3
BRDA:117,24,1,2
BRDA:118,25,0,3
BRDA:118,25,1,2
BRDA:120,26,0,1
BRDA:120,26,1,2
BRDA:121,27,0,1
BRDA:121,27,1,1
BRDA:122,28,0,1
BRDA:122,28,1,0
BRDA:141,29,0,1
BRDA:141,29,1,1
BRDA:141,29,2,1
BRDA:153,30,0,0
BRDA:153,30,1,0
BRDA:156,31,0,0
BRDA:156,31,1,0
BRDA:162,32,0,13
BRDA:162,32,1,6
BRDA:162,32,2,10
BRDA:165,33,0,10
BRDA:165,33,1,3
BRDA:175,34,0,3
BRDA:175,34,1,0
BRDA:178,35,0,0
BRDA:178,35,1,3
BRDA:180,36,0,1
BRDA:180,36,1,2
BRF:77
BRH:68
end_of_record
TN:
SF:src\plugin\Model\model.test.ts
FN:5,(anonymous_0)
FN:19,(anonymous_1)
FN:20,(anonymous_2)
FN:23,(anonymous_3)
FN:27,(anonymous_4)
FN:40,(anonymous_5)
FN:44,(anonymous_6)
FN:55,(anonymous_7)
FN:66,(anonymous_8)
FN:77,(anonymous_9)
FN:88,(anonymous_10)
FN:110,(anonymous_11)
FN:123,(anonymous_12)
FN:136,(anonymous_13)
FN:150,(anonymous_14)
FN:161,(anonymous_15)
FN:175,(anonymous_16)
FN:189,(anonymous_17)
FNF:18
FNH:18
FNDA:1,(anonymous_0)
FNDA:15,(anonymous_1)
FNDA:46,(anonymous_2)
FNDA:1,(anonymous_3)
FNDA:1,(anonymous_4)
FNDA:1,(anonymous_5)
FNDA:1,(anonymous_6)
FNDA:1,(anonymous_7)
FNDA:1,(anonymous_8)
FNDA:1,(anonymous_9)
FNDA:1,(anonymous_10)
FNDA:1,(anonymous_11)
FNDA:1,(anonymous_12)
FNDA:1,(anonymous_13)
FNDA:1,(anonymous_14)
FNDA:1,(anonymous_15)
FNDA:1,(anonymous_16)
FNDA:1,(anonymous_17)
DA:2,1
DA:5,1
DA:8,1
DA:19,1
DA:20,46
DA:23,1
DA:24,1
DA:27,1
DA:28,1
DA:29,1
DA:31,1
DA:32,1
DA:34,1
DA:36,1
DA:37,1
DA:40,1
DA:41,1
DA:44,1
DA:45,1
DA:52,1
DA:55,1
DA:56,1
DA:63,1
DA:66,1
DA:67,1
DA:74,1
DA:77,1
DA:78,1
DA:85,1
DA:88,1
DA:89,1
DA:90,1
DA:97,1
DA:98,1
DA:100,1
DA:107,1
DA:110,1
DA:111,1
DA:113,1
DA:120,1
DA:123,1
DA:124,1
DA:126,1
DA:133,1
DA:136,1
DA:137,1
DA:138,1
DA:140,1
DA:147,1
DA:150,1
DA:151,1
DA:158,1
DA:161,1
DA:162,1
DA:163,1
DA:165,1
DA:172,1
DA:175,1
DA:176,1
DA:177,1
DA:179,1
DA:186,1
DA:189,1
DA:190,1
DA:192,1
LF:65
LH:65
BRF:0
BRH:0
end_of_record
TN:
SF:src\plugin\Model\types.ts
FNF:0
FNH:0
LF:0
LH:0
BRF:0
BRH:0
end_of_record
TN:
SF:src\plugin\Presenter\Presenter.ts
FN:33,(anonymous_1)
FN:40,(anonymous_2)
FN:61,(anonymous_3)
FN:80,(anonymous_4)
FN:85,(anonymous_5)
FN:107,(anonymous_6)
FN:125,(anonymous_7)
FN:137,(anonymous_8)
FN:159,(anonymous_9)
FNF:9
FNH:9
FNDA:1,(anonymous_1)
FNDA:1,(anonymous_2)
FNDA:1,(anonymous_3)
FNDA:2,(anonymous_4)
FNDA:2,(anonymous_5)
FNDA:1,(anonymous_6)
FNDA:1,(anonymous_7)
FNDA:1,(anonymous_8)
FNDA:1,(anonymous_9)
DA:1,1
DA:24,1
DA:34,1
DA:35,1
DA:36,1
DA:37,1
DA:41,1
DA:43,1
DA:45,1
DA:47,1
DA:54,1
DA:56,1
DA:62,1
DA:64,1
DA:66,0
DA:68,0
DA:75,0
DA:81,2
DA:82,2
DA:86,2
DA:88,2
DA:96,2
DA:104,2
DA:108,1
DA:110,1
DA:112,1
DA:113,1
DA:115,1
DA:117,1
DA:118,1
DA:120,1
DA:126,1
DA:128,1
DA:130,0
DA:132,0
DA:138,1
DA:140,1
DA:142,0
DA:143,0
DA:144,0
DA:145,0
DA:147,0
DA:148,0
DA:150,0
DA:151,0
DA:152,0
DA:154,0
DA:160,1
DA:162,1
DA:163,1
DA:164,1
DA:165,1
DA:166,1
DA:167,1
DA:168,1
DA:170,1
LF:56
LH:41
BRDA:115,0,0,1
BRDA:115,0,1,0
BRDA:118,1,0,0
BRDA:118,1,1,1
BRDA:145,2,0,0
BRDA:145,2,1,0
BRDA:147,3,0,0
BRDA:147,3,1,0
BRDA:148,4,0,0
BRDA:148,4,1,0
BRDA:168,5,0,0
BRDA:168,5,1,1
BRF:12
BRH:3
end_of_record
TN:
SF:src\plugin\Presenter\presenter.test.ts
FN:7,(anonymous_0)
FN:26,(anonymous_1)
FN:29,(anonymous_2)
FN:30,(anonymous_3)
FN:31,(anonymous_4)
FN:36,(anonymous_5)
FN:43,(anonymous_6)
FNF:7
FNH:6
FNDA:1,(anonymous_0)
FNDA:0,(anonymous_1)
FNDA:1,(anonymous_2)
FNDA:3,(anonymous_3)
FNDA:1,(anonymous_4)
FNDA:5,(anonymous_5)
FNDA:1,(anonymous_6)
DA:1,1
DA:2,1
DA:3,1
DA:7,1
DA:11,1
DA:21,1
DA:23,1
DA:26,0
DA:29,1
DA:30,3
DA:31,1
DA:32,1
DA:36,5
DA:38,1
DA:39,1
DA:40,1
DA:43,1
DA:44,1
DA:49,1
LF:19
LH:18
BRF:0
BRH:0
end_of_record
TN:
SF:src\plugin\Presenter\types.ts
FNF:0
FNH:0
LF:0
LH:0
BRF:0
BRH:0
end_of_record
TN:
SF:src\plugin\View\View.ts
FN:38,(anonymous_1)
FN:32,(anonymous_2)
FN:34,(anonymous_3)
FN:36,(anonymous_4)
FN:56,(anonymous_5)
FN:66,(anonymous_6)
FN:71,(anonymous_7)
FN:86,(anonymous_8)
FN:95,(anonymous_9)
FN:103,(anonymous_10)
FN:120,(anonymous_11)
FN:121,(anonymous_12)
FN:128,(anonymous_13)
FN:137,(anonymous_14)
FN:152,(anonymous_15)
FNF:15
FNH:9
FNDA:5,(anonymous_1)
FNDA:0,(anonymous_2)
FNDA:0,(anonymous_3)
FNDA:0,(anonymous_4)
FNDA:5,(anonymous_5)
FNDA:5,(anonymous_6)
FNDA:6,(anonymous_7)
FNDA:5,(anonymous_8)
FNDA:3,(anonymous_9)
FNDA:5,(anonymous_10)
FNDA:5,(anonymous_11)
FNDA:10,(anonymous_12)
FNDA:0,(anonymous_13)
FNDA:0,(anonymous_14)
FNDA:0,(anonymous_15)
DA:1,1
DA:2,1
DA:3,1
DA:4,1
DA:5,1
DA:6,1
DA:17,1
DA:32,5
DA:34,5
DA:36,5
DA:39,5
DA:40,5
DA:41,5
DA:42,5
DA:43,5
DA:44,5
DA:45,5
DA:52,5
DA:53,5
DA:57,5
DA:63,5
DA:67,5
DA:68,5
DA:72,6
DA:74,6
DA:75,6
DA:76,6
DA:77,6
DA:81,6
DA:82,6
DA:83,6
DA:87,5
DA:88,5
DA:89,5
DA:91,5
DA:96,3
DA:97,3
DA:104,5
DA:111,5
DA:112,5
DA:121,5
DA:122,10
DA:124,5
DA:125,5
DA:129,0
DA:130,0
DA:138,0
DA:139,0
DA:141,0
DA:142,0
DA:153,0
LF:51
LH:44
BRDA:138,0,0,0
BRDA:138,0,1,0
BRDA:139,1,0,0
BRDA:139,1,1,0
BRF:4
BRH:0
end_of_record
TN:
SF:src\plugin\View\types.ts
FNF:0
FNH:0
LF:0
LH:0
BRF:0
BRH:0
end_of_record
TN:
SF:src\plugin\View\view.test.ts
FN:6,(anonymous_0)
FN:18,(anonymous_1)
FN:19,(anonymous_2)
FN:22,(anonymous_3)
FN:26,(anonymous_4)
FN:34,(anonymous_5)
FN:46,(anonymous_6)
FNF:7
FNH:7
FNDA:1,(anonymous_0)
FNDA:4,(anonymous_1)
FNDA:5,(anonymous_2)
FNDA:1,(anonymous_3)
FNDA:1,(anonymous_4)
FNDA:1,(anonymous_5)
FNDA:1,(anonymous_6)
DA:2,1
DA:4,1
DA:6,1
DA:8,1
DA:16,1
DA:18,1
DA:19,5
DA:22,1
DA:23,1
DA:26,1
DA:27,1
DA:28,1
DA:29,1
DA:30,1
DA:31,1
DA:34,1
DA:35,1
DA:38,1
DA:39,1
DA:40,1
DA:41,1
DA:42,1
DA:43,1
DA:46,1
DA:47,1
DA:48,1
DA:50,1
DA:58,1
LF:28
LH:28
BRF:0
BRH:0
end_of_record
TN:
SF:src\plugin\View\Handles\Handles.ts
FN:36,(anonymous_0)
FN:45,(anonymous_1)
FN:50,(anonymous_2)
FN:59,(anonymous_3)
FN:66,(anonymous_4)
FN:80,(anonymous_5)
FN:90,(anonymous_6)
FN:95,(anonymous_7)
FN:100,(anonymous_8)
FN:104,(anonymous_9)
FN:108,(anonymous_10)
FN:109,(anonymous_11)
FN:126,(anonymous_12)
FN:136,(anonymous_13)
FN:146,(anonymous_14)
FNF:15
FNH:15
FNDA:16,(anonymous_0)
FNDA:16,(anonymous_1)
FNDA:64,(anonymous_2)
FNDA:128,(anonymous_3)
FNDA:8,(anonymous_4)
FNDA:8,(anonymous_5)
FNDA:8,(anonymous_6)
FNDA:3,(anonymous_7)
FNDA:8,(anonymous_8)
FNDA:7,(anonymous_9)
FNDA:8,(anonymous_10)
FNDA:6,(anonymous_11)
FNDA:8,(anonymous_12)
FNDA:8,(anonymous_13)
FNDA:6,(anonymous_14)
DA:8,1
DA:17,16
DA:19,16
DA:21,16
DA:37,16
DA:38,16
DA:39,16
DA:40,16
DA:42,16
DA:46,16
DA:47,16
DA:56,64
DA:57,64
DA:59,64
DA:60,128
DA:63,64
DA:72,8
DA:73,8
DA:74,8
DA:76,8
DA:77,8
DA:81,8
DA:82,8
DA:83,8
DA:84,8
DA:86,8
DA:87,8
DA:91,8
DA:96,3
DA:101,8
DA:105,7
DA:109,8
DA:110,6
DA:111,6
DA:114,8
DA:116,5
DA:117,5
DA:119,1
DA:120,1
DA:122,2
DA:127,8
DA:129,8
DA:130,1
DA:131,7
DA:132,1
DA:137,8
DA:138,1
DA:139,1
DA:141,7
DA:142,7
DA:147,6
DA:149,6
DA:150,6
DA:151,6
LF:54
LH:54
BRDA:52,0,0,0
BRDA:73,1,0,0
BRDA:73,1,1,8
BRDA:73,2,0,8
BRDA:73,2,1,8
BRDA:76,3,0,7
BRDA:76,3,1,1
BRDA:86,4,0,4
BRDA:86,4,1,4
BRDA:87,5,0,1
BRDA:87,5,1,7
BRDA:91,6,0,8
BRDA:91,6,1,6
BRDA:91,6,2,6
BRDA:96,7,0,3
BRDA:96,7,1,2
BRDA:96,7,2,2
BRDA:101,8,0,8
BRDA:101,8,1,1
BRDA:105,9,0,7
BRDA:105,9,1,7
BRDA:115,10,0,5
BRDA:115,10,1,1
BRDA:115,10,2,2
BRDA:129,11,0,1
BRDA:129,11,1,7
BRDA:131,12,0,1
BRDA:131,12,1,6
BRDA:137,13,0,1
BRDA:137,13,1,7
BRDA:149,14,0,0
BRDA:149,14,1,6
BRDA:150,15,0,1
BRDA:150,15,1,5
BRF:34
BRH:31
end_of_record
TN:
SF:src\plugin\View\Handles\handles.test.ts
FN:3,(anonymous_0)
FN:6,(anonymous_1)
FN:10,(anonymous_2)
FN:14,(anonymous_3)
FN:24,(anonymous_4)
FN:34,(anonymous_5)
FN:45,(anonymous_6)
FN:54,(anonymous_7)
FN:63,(anonymous_8)
FN:68,(anonymous_9)
FNF:10
FNH:10
FNDA:1,(anonymous_0)
FNDA:8,(anonymous_1)
FNDA:1,(anonymous_2)
FNDA:1,(anonymous_3)
FNDA:1,(anonymous_4)
FNDA:1,(anonymous_5)
FNDA:1,(anonymous_6)
FNDA:1,(anonymous_7)
FNDA:1,(anonymous_8)
FNDA:1,(anonymous_9)
DA:1,1
DA:3,1
DA:6,1
DA:7,8
DA:10,1
DA:11,1
DA:14,1
DA:15,1
DA:21,1
DA:24,1
DA:25,1
DA:31,1
DA:34,1
DA:35,1
DA:41,1
DA:42,1
DA:45,1
DA:46,1
DA:47,1
DA:48,1
DA:49,1
DA:50,1
DA:51,1
DA:54,1
DA:55,1
DA:56,1
DA:57,1
DA:58,1
DA:59,1
DA:60,1
DA:63,1
DA:64,1
DA:65,1
DA:68,1
DA:69,1
DA:70,1
DA:71,1
LF:37
LH:37
BRF:0
BRH:0
end_of_record
TN:
SF:src\plugin\View\Handles\types.ts
FNF:0
FNH:0
LF:0
LH:0
BRF:0
BRH:0
end_of_record
TN:
SF:src\plugin\View\Movement\Movement.ts
FN:24,(anonymous_1)
FN:35,(anonymous_2)
FN:48,(anonymous_3)
FN:65,(anonymous_4)
FN:86,(anonymous_5)
FN:91,(anonymous_6)
FN:95,(anonymous_7)
FNF:7
FNH:4
FNDA:8,(anonymous_1)
FNDA:1,(anonymous_2)
FNDA:0,(anonymous_3)
FNDA:1,(anonymous_4)
FNDA:0,(anonymous_5)
FNDA:0,(anonymous_6)
FNDA:1,(anonymous_7)
DA:1,1
DA:13,1
DA:25,8
DA:26,8
DA:27,8
DA:28,8
DA:29,8
DA:40,1
DA:42,1
DA:49,0
DA:50,0
DA:51,0
DA:56,0
DA:57,0
DA:59,0
DA:70,1
DA:71,1
DA:72,1
DA:73,1
DA:76,1
DA:81,1
DA:83,1
DA:87,0
DA:88,0
DA:92,0
DA:96,1
DA:97,1
LF:27
LH:18
BRDA:43,0,0,0
BRDA:43,0,1,1
BRDA:57,1,0,0
BRDA:57,1,1,0
BRDA:67,2,0,0
BRDA:68,3,0,0
BRDA:69,4,0,0
BRDA:72,5,0,1
BRDA:72,5,1,0
BRDA:74,6,0,0
BRDA:74,6,1,1
BRF:11
BRH:3
end_of_record
TN:
SF:src\plugin\View\Movement\movement.test.ts
FN:6,(anonymous_0)
FN:11,(anonymous_1)
FN:12,(anonymous_2)
FN:23,(anonymous_3)
FN:27,(anonymous_4)
FN:31,(anonymous_5)
FN:41,(anonymous_6)
FNF:7
FNH:6
FNDA:1,(anonymous_0)
FNDA:0,(anonymous_1)
FNDA:2,(anonymous_2)
FNDA:3,(anonymous_3)
FNDA:1,(anonymous_4)
FNDA:1,(anonymous_5)
FNDA:1,(anonymous_6)
DA:1,1
DA:2,1
DA:6,1
DA:9,1
DA:11,0
DA:12,2
DA:23,1
DA:24,3
DA:27,1
DA:28,1
DA:31,1
DA:32,1
DA:38,1
DA:41,1
DA:42,1
DA:48,1
LF:16
LH:15
BRF:0
BRH:0
end_of_record
TN:
SF:src\plugin\View\Movement\types.ts
FNF:0
FNH:0
LF:0
LH:0
BRF:0
BRH:0
end_of_record
TN:
SF:src\plugin\View\SelectedInterval\SelectedInterval.ts
FN:10,(anonymous_1)
FN:15,(anonymous_2)
FN:30,(anonymous_3)
FN:34,(anonymous_4)
FN:38,(anonymous_5)
FN:42,(anonymous_6)
FNF:6
FNH:6
FNDA:10,(anonymous_1)
FNDA:7,(anonymous_2)
FNDA:10,(anonymous_3)
FNDA:8,(anonymous_4)
FNDA:7,(anonymous_5)
FNDA:8,(anonymous_6)
DA:1,1
DA:5,1
DA:8,10
DA:11,10
DA:12,10
DA:21,7
DA:23,7
DA:24,4
DA:25,3
DA:26,3
DA:31,10
DA:35,8
DA:39,7
DA:43,8
DA:45,1
DA:46,1
DA:48,1
DA:49,1
DA:51,6
LF:19
LH:19
BRDA:23,0,0,4
BRDA:23,0,1,3
BRDA:25,1,0,3
BRDA:25,1,1,0
BRDA:35,2,0,8
BRDA:35,2,1,1
BRDA:39,3,0,7
BRDA:39,3,1,7
BRDA:44,4,0,1
BRDA:44,4,1,1
BRDA:44,4,2,6
BRF:11
BRH:10
end_of_record
TN:
SF:src\plugin\View\SelectedInterval\selectedInterval.test.ts
FN:3,(anonymous_0)
FN:6,(anonymous_1)
FN:10,(anonymous_2)
FN:14,(anonymous_3)
FN:24,(anonymous_4)
FN:34,(anonymous_5)
FNF:6
FNH:6
FNDA:1,(anonymous_0)
FNDA:4,(anonymous_1)
FNDA:1,(anonymous_2)
FNDA:1,(anonymous_3)
FNDA:1,(anonymous_4)
FNDA:1,(anonymous_5)
DA:1,1
DA:3,1
DA:6,1
DA:7,4
DA:10,1
DA:11,1
DA:14,1
DA:15,1
DA:21,1
DA:24,1
DA:25,1
DA:31,1
DA:34,1
DA:35,1
DA:36,1
DA:37,1
DA:38,1
LF:17
LH:17
BRF:0
BRH:0
end_of_record
TN:
SF:src\plugin\View\SelectedInterval\types.ts
FNF:0
FNH:0
LF:0
LH:0
BRF:0
BRH:0
end_of_record
TN:
SF:src\plugin\View\Slider\Slider.ts
FN:10,(anonymous_0)
FN:18,(anonymous_1)
FN:26,(anonymous_2)
FN:40,(anonymous_3)
FN:44,(anonymous_4)
FN:48,(anonymous_5)
FNF:6
FNH:6
FNDA:8,(anonymous_0)
FNDA:8,(anonymous_1)
FNDA:6,(anonymous_2)
FNDA:3,(anonymous_3)
FNDA:8,(anonymous_4)
FNDA:8,(anonymous_5)
DA:3,1
DA:11,8
DA:12,8
DA:13,8
DA:15,8
DA:19,8
DA:20,8
DA:21,8
DA:22,8
DA:23,8
DA:27,6
DA:41,3
DA:45,8
DA:49,8
DA:51,5
DA:52,5
DA:53,5
DA:55,1
DA:56,1
DA:57,1
DA:59,2
LF:21
LH:21
BRDA:41,0,0,3
BRDA:41,0,1,2
BRDA:45,1,0,8
BRDA:45,1,1,6
BRDA:50,2,0,5
BRDA:50,2,1,1
BRDA:50,2,2,2
BRF:7
BRH:7
end_of_record
TN:
SF:src\plugin\View\Slider\slider.test.ts
FN:8,(anonymous_0)
FN:11,(anonymous_1)
FN:15,(anonymous_2)
FN:19,(anonymous_3)
FN:24,(anonymous_4)
FN:30,(anonymous_5)
FNF:6
FNH:5
FNDA:1,(anonymous_0)
FNDA:3,(anonymous_1)
FNDA:1,(anonymous_2)
FNDA:1,(anonymous_3)
FNDA:0,(anonymous_4)
FNDA:1,(anonymous_5)
DA:1,1
DA:2,1
DA:4,1
DA:5,1
DA:8,1
DA:11,1
DA:12,3
DA:15,1
DA:16,1
DA:19,1
DA:20,1
DA:24,0
DA:26,1
DA:27,1
DA:30,1
DA:31,1
DA:32,1
DA:33,1
DA:35,1
DA:36,1
DA:37,1
LF:21
LH:20
BRF:0
BRH:0
end_of_record
TN:
SF:src\plugin\View\Slider\types.ts
FNF:0
FNH:0
LF:0
LH:0
BRF:0
BRH:0
end_of_record
TN:
SF:src\plugin\View\ValuesScale\ValuesScale.ts
FN:26,(anonymous_1)
FN:43,(anonymous_2)
FN:46,(anonymous_3)
FN:54,(anonymous_4)
FN:65,(anonymous_5)
FN:66,(anonymous_6)
FN:69,(anonymous_7)
FN:81,(anonymous_8)
FN:90,(anonymous_9)
FN:94,(anonymous_10)
FN:98,(anonymous_11)
FN:99,(anonymous_12)
FN:100,(anonymous_13)
FN:111,(anonymous_14)
FN:113,(anonymous_15)
FN:117,(anonymous_16)
FN:123,(anonymous_17)
FN:133,(anonymous_18)
FNF:18
FNH:17
FNDA:11,(anonymous_1)
FNDA:66,(anonymous_2)
FNDA:66,(anonymous_3)
FNDA:4,(anonymous_4)
FNDA:4,(anonymous_5)
FNDA:8,(anonymous_6)
FNDA:16,(anonymous_7)
FNDA:11,(anonymous_8)
FNDA:3,(anonymous_9)
FNDA:8,(anonymous_10)
FNDA:8,(anonymous_11)
FNDA:6,(anonymous_12)
FNDA:36,(anonymous_13)
FNDA:8,(anonymous_14)
FNDA:6,(anonymous_15)
FNDA:42,(anonymous_16)
FNDA:0,(anonymous_17)
FNDA:66,(anonymous_18)
DA:1,1
DA:7,1
DA:20,11
DA:27,11
DA:28,11
DA:29,11
DA:30,11
DA:31,11
DA:32,11
DA:33,11
DA:35,11
DA:43,66
DA:47,66
DA:49,66
DA:51,66
DA:55,4
DA:66,8
DA:69,16
DA:73,4
DA:74,4
DA:75,4
DA:76,4
DA:77,4
DA:78,4
DA:82,11
DA:91,3
DA:95,8
DA:99,8
DA:100,6
DA:101,36
DA:105,8
DA:108,8
DA:112,8
DA:113,1
DA:114,6
DA:117,7
DA:118,42
DA:124,0
DA:125,0
DA:127,0
DA:134,66
LF:41
LH:38
BRDA:82,0,0,11
BRDA:82,0,1,4
BRDA:82,0,2,4
BRDA:82,0,3,4
BRDA:82,0,4,4
BRDA:82,0,5,4
BRDA:91,1,0,3
BRDA:91,1,1,2
BRDA:95,2,0,8
BRDA:95,2,1,6
BRDA:105,3,0,8
BRDA:105,3,1,3
BRDA:108,4,0,6
BRDA:108,4,1,2
BRDA:112,5,0,1
BRDA:112,5,1,7
BRDA:124,6,0,0
BRDA:124,6,1,0
BRF:18
BRH:16
end_of_record
TN:
SF:src\plugin\View\ValuesScale\interfaces.ts
FNF:0
FNH:0
LF:0
LH:0
BRF:0
BRH:0
end_of_record
TN:
SF:src\plugin\View\ValuesScale\valueScale.test.ts
FN:4,(anonymous_0)
FN:7,(anonymous_1)
FN:8,(anonymous_2)
FN:11,(anonymous_3)
FN:15,(anonymous_4)
FN:27,(anonymous_5)
FN:37,(anonymous_6)
FN:54,(anonymous_7)
FNF:8
FNH:7
FNDA:1,(anonymous_0)
FNDA:5,(anonymous_1)
FNDA:0,(anonymous_2)
FNDA:1,(anonymous_3)
FNDA:1,(anonymous_4)
FNDA:1,(anonymous_5)
FNDA:1,(anonymous_6)
FNDA:1,(anonymous_7)
DA:1,1
DA:4,1
DA:7,1
DA:8,5
DA:11,1
DA:12,1
DA:15,1
DA:16,1
DA:19,1
DA:20,1
DA:21,1
DA:22,1
DA:23,1
DA:24,1
DA:27,1
DA:28,1
DA:29,1
DA:30,1
DA:31,1
DA:32,1
DA:33,1
DA:34,1
DA:37,1
DA:38,1
DA:39,1
DA:40,1
DA:41,1
DA:42,1
DA:43,1
DA:44,1
DA:45,1
DA:46,1
DA:47,1
DA:48,1
DA:49,1
DA:50,1
DA:51,1
DA:54,1
DA:55,1
DA:56,1
DA:57,1
DA:58,1
DA:59,1
DA:60,1
DA:61,1
DA:62,1
DA:63,1
DA:64,1
DA:65,1
DA:66,1
DA:67,1
DA:68,1
LF:52
LH:52
BRF:0
BRH:0
end_of_record
TN:
SF:src\plugin\tools\index.test.ts
FNF:0
FNH:0
DA:1,1
DA:2,1
DA:3,1
DA:5,1
DA:6,1
DA:7,1
DA:9,1
DA:10,1
DA:11,1
DA:13,1
DA:14,1
DA:15,1
LF:12
LH:12
BRF:0
BRH:0
end_of_record
