TN:
SF:src\plugin\Model\Model.ts
FN:18,(anonymous_0)
FN:40,(anonymous_1)
FN:44,(anonymous_2)
FN:61,(anonymous_3)
FN:65,(anonymous_4)
FN:69,(anonymous_5)
FN:84,(anonymous_6)
FN:110,(anonymous_7)
FN:120,(anonymous_8)
FN:121,(anonymous_9)
FN:135,(anonymous_10)
FN:140,(anonymous_11)
FN:151,(anonymous_12)
FN:168,(anonymous_13)
FN:177,(anonymous_14)
FN:192,(anonymous_15)
FN:199,(anonymous_16)
FNF:17
FNH:16
FNDA:15,(anonymous_0)
FNDA:1,(anonymous_1)
FNDA:4,(anonymous_2)
FNDA:16,(anonymous_3)
FNDA:3,(anonymous_4)
FNDA:107,(anonymous_5)
FNDA:12,(anonymous_6)
FNDA:9,(anonymous_7)
FNDA:2,(anonymous_8)
FNDA:8,(anonymous_9)
FNDA:0,(anonymous_10)
FNDA:2,(anonymous_11)
FNDA:14,(anonymous_12)
FNDA:16,(anonymous_13)
FNDA:12,(anonymous_14)
FNDA:12,(anonymous_15)
FNDA:3,(anonymous_16)
DA:1,1
DA:19,15
DA:20,15
DA:22,15
DA:23,15
DA:24,15
DA:25,15
DA:26,15
DA:27,15
DA:28,15
DA:29,15
DA:31,15
DA:41,1
DA:42,1
DA:44,1
DA:45,4
DA:47,4
DA:54,1
DA:55,1
DA:56,1
DA:57,1
DA:62,16
DA:66,3
DA:70,107
DA:71,107
DA:72,107
DA:74,107
DA:76,85
DA:78,5
DA:80,17
DA:85,12
DA:86,12
DA:89,12
DA:91,12
DA:92,9
DA:98,9
DA:101,3
DA:103,3
DA:111,9
DA:113,9
DA:121,2
DA:122,8
DA:125,2
DA:136,0
DA:137,0
DA:141,2
DA:142,2
DA:143,2
DA:145,2
DA:146,2
DA:148,2
DA:152,14
DA:153,14
DA:155,14
DA:156,14
DA:157,14
DA:158,14
DA:159,14
DA:161,14
DA:162,13
DA:163,13
DA:165,12
DA:169,16
DA:170,16
DA:172,16
DA:173,2
DA:174,0
DA:178,12
DA:179,3
DA:181,3
DA:182,3
DA:183,3
DA:184,3
DA:185,3
DA:187,3
DA:188,2
DA:189,1
DA:193,12
DA:196,12
DA:200,3
DA:206,1
LF:81
LH:78
BRDA:22,0,0,8
BRDA:22,0,1,7
BRDA:23,1,0,13
BRDA:23,1,1,2
BRDA:25,2,0,13
BRDA:25,2,1,2
BRDA:29,3,0,0
BRDA:29,3,1,15
BRDA:54,4,0,1
BRDA:54,4,1,0
BRDA:56,5,0,0
BRDA:56,5,1,1
BRDA:70,6,0,107
BRDA:70,6,1,22
BRDA:72,7,0,107
BRDA:72,7,1,22
BRDA:75,8,0,85
BRDA:75,8,1,5
BRDA:75,8,2,17
BRDA:87,9,0,9
BRDA:87,9,1,3
BRDA:91,10,0,9
BRDA:91,10,1,3
BRDA:141,11,0,2
BRDA:141,11,1,1
BRDA:142,12,0,2
BRDA:142,12,1,1
BRDA:145,13,0,0
BRDA:145,13,1,2
BRDA:146,14,0,0
BRDA:146,14,1,2
BRDA:152,15,0,1
BRDA:152,15,1,13
BRDA:153,16,0,1
BRDA:153,16,1,13
BRDA:155,17,0,14
BRDA:155,17,1,8
BRDA:156,18,0,14
BRDA:156,18,1,6
BRDA:157,19,0,14
BRDA:157,19,1,8
BRDA:158,20,0,14
BRDA:158,20,1,4
BRDA:159,21,0,14
BRDA:159,21,1,4
BRDA:161,22,0,1
BRDA:161,22,1,13
BRDA:162,23,0,5
BRDA:162,23,1,8
BRDA:163,24,0,1
BRDA:163,24,1,12
BRDA:169,25,0,16
BRDA:169,25,1,7
BRDA:170,26,0,16
BRDA:170,26,1,15
BRDA:172,27,0,14
BRDA:172,27,1,2
BRDA:173,28,0,2
BRDA:173,28,1,0
BRDA:178,29,0,9
BRDA:178,29,1,3
BRDA:179,30,0,0
BRDA:179,30,1,3
BRDA:184,31,0,3
BRDA:184,31,1,2
BRDA:185,32,0,3
BRDA:185,32,1,2
BRDA:187,33,0,1
BRDA:187,33,1,2
BRDA:188,34,0,1
BRDA:188,34,1,1
BRDA:189,35,0,1
BRDA:189,35,1,0
BRF:73
BRH:65
end_of_record
TN:
SF:src\plugin\Model\model.test.ts
FN:5,(anonymous_0)
FN:19,(anonymous_1)
FN:20,(anonymous_2)
FN:23,(anonymous_3)
FN:27,(anonymous_4)
FN:40,(anonymous_5)
FN:44,(anonymous_6)
FN:55,(anonymous_7)
FN:66,(anonymous_8)
FN:77,(anonymous_9)
FN:88,(anonymous_10)
FN:110,(anonymous_11)
FN:124,(anonymous_12)
FN:138,(anonymous_13)
FN:149,(anonymous_14)
FN:163,(anonymous_15)
FN:177,(anonymous_16)
FNF:17
FNH:17
FNDA:1,(anonymous_0)
FNDA:14,(anonymous_1)
FNDA:71,(anonymous_2)
FNDA:1,(anonymous_3)
FNDA:1,(anonymous_4)
FNDA:1,(anonymous_5)
FNDA:1,(anonymous_6)
FNDA:1,(anonymous_7)
FNDA:1,(anonymous_8)
FNDA:1,(anonymous_9)
FNDA:1,(anonymous_10)
FNDA:1,(anonymous_11)
FNDA:1,(anonymous_12)
FNDA:1,(anonymous_13)
FNDA:1,(anonymous_14)
FNDA:1,(anonymous_15)
FNDA:1,(anonymous_16)
DA:2,1
DA:5,1
DA:8,1
DA:19,1
DA:20,71
DA:23,1
DA:24,1
DA:27,1
DA:28,1
DA:29,1
DA:31,1
DA:32,1
DA:34,1
DA:36,1
DA:37,1
DA:40,1
DA:41,1
DA:44,1
DA:45,1
DA:52,1
DA:55,1
DA:56,1
DA:63,1
DA:66,1
DA:67,1
DA:74,1
DA:77,1
DA:78,1
DA:85,1
DA:88,1
DA:89,1
DA:90,1
DA:97,1
DA:98,1
DA:100,1
DA:107,1
DA:110,1
DA:111,1
DA:112,1
DA:114,1
DA:121,1
DA:124,1
DA:125,1
DA:126,1
DA:128,1
DA:135,1
DA:138,1
DA:139,1
DA:146,1
DA:149,1
DA:150,1
DA:151,1
DA:153,1
DA:160,1
DA:163,1
DA:164,1
DA:165,1
DA:167,1
DA:174,1
DA:177,1
DA:178,1
DA:180,1
LF:62
LH:62
BRF:0
BRH:0
end_of_record
TN:
SF:src\plugin\Model\types.ts
FNF:0
FNH:0
LF:0
LH:0
BRF:0
BRH:0
end_of_record
TN:
SF:src\plugin\Presenter\Presenter.ts
FN:32,(anonymous_1)
FN:39,(anonymous_2)
FN:53,(anonymous_3)
FN:74,(anonymous_4)
FN:93,(anonymous_5)
FN:98,(anonymous_6)
FN:120,(anonymous_7)
FN:138,(anonymous_8)
FN:150,(anonymous_9)
FN:161,(anonymous_10)
FNF:10
FNH:9
FNDA:1,(anonymous_1)
FNDA:1,(anonymous_2)
FNDA:1,(anonymous_3)
FNDA:1,(anonymous_4)
FNDA:1,(anonymous_5)
FNDA:1,(anonymous_6)
FNDA:1,(anonymous_7)
FNDA:1,(anonymous_8)
FNDA:0,(anonymous_9)
FNDA:1,(anonymous_10)
DA:1,1
DA:23,1
DA:33,1
DA:34,1
DA:35,1
DA:36,1
DA:40,1
DA:42,1
DA:43,1
DA:44,1
DA:45,1
DA:47,1
DA:48,1
DA:50,1
DA:54,1
DA:56,1
DA:58,1
DA:60,1
DA:67,1
DA:69,1
DA:75,1
DA:77,1
DA:79,0
DA:81,0
DA:88,0
DA:94,1
DA:95,1
DA:99,1
DA:101,1
DA:109,1
DA:117,1
DA:121,1
DA:123,1
DA:125,1
DA:126,1
DA:128,1
DA:130,1
DA:131,1
DA:133,1
DA:139,1
DA:141,1
DA:143,0
DA:145,0
DA:151,0
DA:152,0
DA:153,0
DA:156,0
DA:157,0
DA:158,0
DA:162,1
DA:164,1
DA:166,0
DA:168,0
DA:169,0
DA:170,0
DA:172,0
LF:56
LH:40
BRDA:48,0,0,0
BRDA:48,0,1,1
BRDA:128,1,0,1
BRDA:128,1,1,0
BRDA:131,2,0,0
BRDA:131,2,1,1
BRDA:153,3,0,0
BRDA:153,3,1,0
BRDA:156,4,0,0
BRDA:156,4,1,0
BRDA:157,5,0,0
BRDA:157,5,1,0
BRF:12
BRH:3
end_of_record
TN:
SF:src\plugin\Presenter\presenter.test.ts
FN:7,(anonymous_0)
FN:26,(anonymous_1)
FN:29,(anonymous_2)
FN:30,(anonymous_3)
FN:31,(anonymous_4)
FN:36,(anonymous_5)
FN:43,(anonymous_6)
FNF:7
FNH:5
FNDA:1,(anonymous_0)
FNDA:0,(anonymous_1)
FNDA:1,(anonymous_2)
FNDA:5,(anonymous_3)
FNDA:0,(anonymous_4)
FNDA:4,(anonymous_5)
FNDA:1,(anonymous_6)
DA:1,1
DA:2,1
DA:3,1
DA:7,1
DA:11,1
DA:21,1
DA:23,1
DA:26,0
DA:29,1
DA:30,5
DA:31,1
DA:32,1
DA:36,4
DA:38,1
DA:39,1
DA:40,1
DA:43,1
DA:44,1
DA:49,1
LF:19
LH:18
BRF:0
BRH:0
end_of_record
TN:
SF:src\plugin\Presenter\types.ts
FNF:0
FNH:0
LF:0
LH:0
BRF:0
BRH:0
end_of_record
TN:
SF:src\plugin\View\View.ts
FN:38,(anonymous_1)
FN:24,(anonymous_2)
FN:26,(anonymous_3)
FN:28,(anonymous_4)
FN:53,(anonymous_5)
FN:60,(anonymous_6)
FN:75,(anonymous_7)
FN:83,(anonymous_8)
FN:100,(anonymous_9)
FN:110,(anonymous_10)
FN:119,(anonymous_11)
FN:128,(anonymous_12)
FN:144,(anonymous_13)
FN:148,(anonymous_14)
FN:149,(anonymous_15)
FNF:15
FNH:5
FNDA:5,(anonymous_1)
FNDA:0,(anonymous_2)
FNDA:0,(anonymous_3)
FNDA:0,(anonymous_4)
FNDA:0,(anonymous_5)
FNDA:1,(anonymous_6)
FNDA:2,(anonymous_7)
FNDA:3,(anonymous_8)
FNDA:0,(anonymous_9)
FNDA:3,(anonymous_10)
FNDA:0,(anonymous_11)
FNDA:0,(anonymous_12)
FNDA:0,(anonymous_13)
FNDA:0,(anonymous_14)
FNDA:0,(anonymous_15)
DA:1,1
DA:2,1
DA:3,1
DA:4,1
DA:5,1
DA:6,1
DA:17,1
DA:24,5
DA:26,5
DA:28,5
DA:39,5
DA:40,5
DA:41,5
DA:42,5
DA:43,5
DA:44,5
DA:45,5
DA:54,0
DA:55,0
DA:56,0
DA:57,0
DA:61,1
DA:63,1
DA:64,1
DA:65,1
DA:66,1
DA:70,1
DA:71,1
DA:72,1
DA:76,2
DA:77,2
DA:84,3
DA:91,3
DA:92,3
DA:101,0
DA:107,0
DA:111,3
DA:112,3
DA:113,3
DA:115,3
DA:120,0
DA:121,0
DA:129,0
DA:130,0
DA:132,0
DA:134,0
DA:145,0
DA:149,0
DA:150,0
DA:152,0
DA:153,0
LF:51
LH:34
BRDA:129,0,0,0
BRDA:129,0,1,0
BRDA:130,1,0,0
BRDA:130,1,1,0
BRDA:132,2,0,0
BRDA:132,2,1,0
BRF:6
BRH:0
end_of_record
TN:
SF:src\plugin\View\types.ts
FNF:0
FNH:0
LF:0
LH:0
BRF:0
BRH:0
end_of_record
TN:
SF:src\plugin\View\view.test.ts
FN:6,(anonymous_0)
FN:18,(anonymous_1)
FN:19,(anonymous_2)
FN:22,(anonymous_3)
FN:26,(anonymous_4)
FN:34,(anonymous_5)
FN:46,(anonymous_6)
FNF:7
FNH:7
FNDA:1,(anonymous_0)
FNDA:4,(anonymous_1)
FNDA:1,(anonymous_2)
FNDA:1,(anonymous_3)
FNDA:1,(anonymous_4)
FNDA:1,(anonymous_5)
FNDA:1,(anonymous_6)
DA:2,1
DA:4,1
DA:6,1
DA:8,1
DA:16,1
DA:18,1
DA:19,4
DA:22,1
DA:23,1
DA:26,1
DA:27,1
DA:28,1
DA:29,1
DA:30,1
DA:31,1
DA:34,1
DA:35,1
DA:38,1
DA:39,1
DA:40,1
DA:41,1
DA:42,1
DA:43,1
DA:46,1
DA:47,1
DA:48,1
DA:50,1
DA:58,1
LF:28
LH:28
BRF:0
BRH:0
end_of_record
TN:
SF:src\plugin\View\Handles\Handles.ts
FN:36,(anonymous_0)
FN:45,(anonymous_1)
FN:59,(anonymous_2)
FN:60,(anonymous_3)
FN:77,(anonymous_4)
FN:87,(anonymous_5)
FN:97,(anonymous_6)
FN:105,(anonymous_7)
FN:114,(anonymous_8)
FN:121,(anonymous_9)
FN:126,(anonymous_10)
FN:136,(anonymous_11)
FN:141,(anonymous_12)
FN:146,(anonymous_13)
FN:150,(anonymous_14)
FNF:15
FNH:15
FNDA:16,(anonymous_0)
FNDA:6,(anonymous_1)
FNDA:3,(anonymous_2)
FNDA:3,(anonymous_3)
FNDA:3,(anonymous_4)
FNDA:3,(anonymous_5)
FNDA:6,(anonymous_6)
FNDA:64,(anonymous_7)
FNDA:128,(anonymous_8)
FNDA:16,(anonymous_9)
FNDA:6,(anonymous_10)
FNDA:3,(anonymous_11)
FNDA:1,(anonymous_12)
FNDA:3,(anonymous_13)
FNDA:2,(anonymous_14)
DA:8,1
DA:17,16
DA:19,16
DA:21,16
DA:37,16
DA:38,16
DA:39,16
DA:40,16
DA:42,16
DA:51,6
DA:52,6
DA:53,6
DA:55,6
DA:56,6
DA:60,3
DA:61,3
DA:62,3
DA:65,3
DA:67,2
DA:68,2
DA:70,1
DA:71,1
DA:73,0
DA:78,3
DA:80,3
DA:81,1
DA:82,2
DA:83,1
DA:88,3
DA:89,1
DA:90,1
DA:92,2
DA:93,2
DA:98,6
DA:100,6
DA:101,6
DA:102,6
DA:111,64
DA:112,64
DA:114,64
DA:115,128
DA:118,64
DA:122,16
DA:123,16
DA:127,6
DA:128,6
DA:129,6
DA:130,6
DA:132,6
DA:133,6
DA:137,3
DA:142,1
DA:147,3
DA:151,2
LF:54
LH:53
BRDA:52,0,0,0
BRDA:52,0,1,6
BRDA:52,1,0,6
BRDA:52,1,1,6
BRDA:55,2,0,5
BRDA:55,2,1,1
BRDA:66,3,0,2
BRDA:66,3,1,1
BRDA:66,3,2,0
BRDA:80,4,0,1
BRDA:80,4,1,2
BRDA:82,5,0,1
BRDA:82,5,1,1
BRDA:88,6,0,1
BRDA:88,6,1,2
BRDA:100,7,0,0
BRDA:100,7,1,6
BRDA:101,8,0,1
BRDA:101,8,1,5
BRDA:107,9,0,0
BRDA:132,10,0,4
BRDA:132,10,1,2
BRDA:133,11,0,1
BRDA:133,11,1,5
BRDA:137,12,0,3
BRDA:137,12,1,2
BRDA:137,12,2,2
BRDA:142,13,0,1
BRDA:142,13,1,1
BRDA:142,13,2,1
BRDA:147,14,0,3
BRDA:147,14,1,1
BRDA:151,15,0,2
BRDA:151,15,1,2
BRF:34
BRH:30
end_of_record
TN:
SF:src\plugin\View\Handles\handles.test.ts
FN:3,(anonymous_0)
FN:6,(anonymous_1)
FN:10,(anonymous_2)
FN:14,(anonymous_3)
FN:24,(anonymous_4)
FN:34,(anonymous_5)
FN:45,(anonymous_6)
FN:54,(anonymous_7)
FN:63,(anonymous_8)
FN:68,(anonymous_9)
FNF:10
FNH:10
FNDA:1,(anonymous_0)
FNDA:8,(anonymous_1)
FNDA:1,(anonymous_2)
FNDA:1,(anonymous_3)
FNDA:1,(anonymous_4)
FNDA:1,(anonymous_5)
FNDA:1,(anonymous_6)
FNDA:1,(anonymous_7)
FNDA:1,(anonymous_8)
FNDA:1,(anonymous_9)
DA:1,1
DA:3,1
DA:6,1
DA:7,8
DA:10,1
DA:11,1
DA:14,1
DA:15,1
DA:21,1
DA:24,1
DA:25,1
DA:31,1
DA:34,1
DA:35,1
DA:41,1
DA:42,1
DA:45,1
DA:46,1
DA:47,1
DA:48,1
DA:49,1
DA:50,1
DA:51,1
DA:54,1
DA:55,1
DA:56,1
DA:57,1
DA:58,1
DA:59,1
DA:60,1
DA:63,1
DA:64,1
DA:65,1
DA:68,1
DA:69,1
DA:70,1
DA:71,1
LF:37
LH:37
BRF:0
BRH:0
end_of_record
TN:
SF:src\plugin\View\Handles\types.ts
FNF:0
FNH:0
LF:0
LH:0
BRF:0
BRH:0
end_of_record
TN:
SF:src\plugin\View\Movement\Movement.ts
FN:24,(anonymous_1)
FN:35,(anonymous_2)
FN:48,(anonymous_3)
FN:69,(anonymous_4)
FN:87,(anonymous_5)
FN:92,(anonymous_6)
FN:96,(anonymous_7)
FNF:7
FNH:4
FNDA:8,(anonymous_1)
FNDA:1,(anonymous_2)
FNDA:1,(anonymous_3)
FNDA:0,(anonymous_4)
FNDA:0,(anonymous_5)
FNDA:0,(anonymous_6)
FNDA:1,(anonymous_7)
DA:1,1
DA:13,1
DA:25,8
DA:26,8
DA:27,8
DA:28,8
DA:29,8
DA:40,1
DA:42,1
DA:53,1
DA:54,1
DA:55,1
DA:56,1
DA:59,1
DA:64,1
DA:66,1
DA:70,0
DA:71,0
DA:72,0
DA:78,0
DA:79,0
DA:81,0
DA:88,0
DA:89,0
DA:93,0
DA:97,1
DA:98,1
LF:27
LH:18
BRDA:43,0,0,0
BRDA:43,0,1,1
BRDA:50,1,0,0
BRDA:51,2,0,0
BRDA:52,3,0,0
BRDA:55,4,0,1
BRDA:55,4,1,0
BRDA:57,5,0,0
BRDA:57,5,1,1
BRDA:79,6,0,0
BRDA:79,6,1,0
BRF:11
BRH:3
end_of_record
TN:
SF:src\plugin\View\Movement\movement.test.ts
FN:6,(anonymous_0)
FN:11,(anonymous_1)
FN:12,(anonymous_2)
FN:23,(anonymous_3)
FN:27,(anonymous_4)
FN:31,(anonymous_5)
FN:41,(anonymous_6)
FNF:7
FNH:6
FNDA:1,(anonymous_0)
FNDA:0,(anonymous_1)
FNDA:2,(anonymous_2)
FNDA:3,(anonymous_3)
FNDA:1,(anonymous_4)
FNDA:1,(anonymous_5)
FNDA:1,(anonymous_6)
DA:1,1
DA:2,1
DA:6,1
DA:9,1
DA:11,0
DA:12,2
DA:23,1
DA:24,3
DA:27,1
DA:28,1
DA:31,1
DA:32,1
DA:38,1
DA:41,1
DA:42,1
DA:48,1
LF:16
LH:15
BRF:0
BRH:0
end_of_record
TN:
SF:src\plugin\View\Movement\types.ts
FNF:0
FNH:0
LF:0
LH:0
BRF:0
BRH:0
end_of_record
TN:
SF:src\plugin\View\SelectedInterval\SelectedInterval.ts
FN:10,(anonymous_1)
FN:15,(anonymous_2)
FN:30,(anonymous_3)
FN:43,(anonymous_4)
FN:47,(anonymous_5)
FN:51,(anonymous_6)
FNF:6
FNH:6
FNDA:10,(anonymous_1)
FNDA:5,(anonymous_2)
FNDA:3,(anonymous_3)
FNDA:3,(anonymous_4)
FNDA:2,(anonymous_5)
FNDA:10,(anonymous_6)
DA:1,1
DA:5,1
DA:8,10
DA:11,10
DA:12,10
DA:21,5
DA:23,5
DA:24,3
DA:25,2
DA:26,2
DA:31,3
DA:33,1
DA:34,1
DA:36,1
DA:37,1
DA:39,1
DA:44,3
DA:48,2
DA:52,10
LF:19
LH:19
BRDA:23,0,0,3
BRDA:23,0,1,2
BRDA:25,1,0,2
BRDA:25,1,1,0
BRDA:32,2,0,1
BRDA:32,2,1,1
BRDA:32,2,2,1
BRDA:44,3,0,3
BRDA:44,3,1,1
BRDA:48,4,0,2
BRDA:48,4,1,2
BRF:11
BRH:10
end_of_record
TN:
SF:src\plugin\View\SelectedInterval\selectedInterval.test.ts
FN:3,(anonymous_0)
FN:6,(anonymous_1)
FN:10,(anonymous_2)
FN:14,(anonymous_3)
FN:24,(anonymous_4)
FN:34,(anonymous_5)
FNF:6
FNH:6
FNDA:1,(anonymous_0)
FNDA:4,(anonymous_1)
FNDA:1,(anonymous_2)
FNDA:1,(anonymous_3)
FNDA:1,(anonymous_4)
FNDA:1,(anonymous_5)
DA:1,1
DA:3,1
DA:6,1
DA:7,4
DA:10,1
DA:11,1
DA:14,1
DA:15,1
DA:21,1
DA:24,1
DA:25,1
DA:31,1
DA:34,1
DA:35,1
DA:36,1
DA:37,1
DA:38,1
LF:17
LH:17
BRF:0
BRH:0
end_of_record
TN:
SF:src\plugin\View\SelectedInterval\types.ts
FNF:0
FNH:0
LF:0
LH:0
BRF:0
BRH:0
end_of_record
TN:
SF:src\plugin\View\Slider\Slider.ts
FN:10,(anonymous_0)
FN:18,(anonymous_1)
FN:32,(anonymous_2)
FN:47,(anonymous_3)
FN:55,(anonymous_4)
FN:59,(anonymous_5)
FNF:6
FNH:6
FNDA:8,(anonymous_0)
FNDA:1,(anonymous_1)
FNDA:3,(anonymous_2)
FNDA:8,(anonymous_3)
FNDA:1,(anonymous_4)
FNDA:3,(anonymous_5)
DA:3,1
DA:11,8
DA:12,8
DA:13,8
DA:15,8
DA:19,1
DA:33,3
DA:35,2
DA:36,2
DA:37,2
DA:39,1
DA:40,1
DA:41,1
DA:43,0
DA:48,8
DA:49,8
DA:50,8
DA:51,8
DA:52,8
DA:56,1
DA:60,3
LF:21
LH:20
BRDA:34,0,0,2
BRDA:34,0,1,1
BRDA:34,0,2,0
BRDA:56,1,0,1
BRDA:56,1,1,1
BRDA:60,2,0,3
BRDA:60,2,1,2
BRF:7
BRH:6
end_of_record
TN:
SF:src\plugin\View\Slider\slider.test.ts
FN:8,(anonymous_0)
FN:11,(anonymous_1)
FN:15,(anonymous_2)
FN:19,(anonymous_3)
FN:24,(anonymous_4)
FN:30,(anonymous_5)
FNF:6
FNH:5
FNDA:1,(anonymous_0)
FNDA:3,(anonymous_1)
FNDA:1,(anonymous_2)
FNDA:1,(anonymous_3)
FNDA:0,(anonymous_4)
FNDA:1,(anonymous_5)
DA:1,1
DA:2,1
DA:4,1
DA:5,1
DA:8,1
DA:11,1
DA:12,3
DA:15,1
DA:16,1
DA:19,1
DA:20,1
DA:24,0
DA:26,1
DA:27,1
DA:30,1
DA:31,1
DA:32,1
DA:33,1
DA:35,1
DA:36,1
DA:37,1
LF:21
LH:20
BRF:0
BRH:0
end_of_record
TN:
SF:src\plugin\View\Slider\types.ts
FNF:0
FNH:0
LF:0
LH:0
BRF:0
BRH:0
end_of_record
TN:
SF:src\plugin\View\ValuesScale\ValuesScale.ts
FN:26,(anonymous_1)
FN:43,(anonymous_2)
FN:46,(anonymous_3)
FN:57,(anonymous_4)
FN:58,(anonymous_5)
FN:61,(anonymous_6)
FN:73,(anonymous_7)
FN:74,(anonymous_8)
FN:75,(anonymous_9)
FN:86,(anonymous_10)
FN:88,(anonymous_11)
FN:92,(anonymous_12)
FN:98,(anonymous_13)
FN:106,(anonymous_14)
FN:115,(anonymous_15)
FN:119,(anonymous_16)
FN:123,(anonymous_17)
FN:133,(anonymous_18)
FNF:18
FNH:17
FNDA:11,(anonymous_1)
FNDA:66,(anonymous_2)
FNDA:3,(anonymous_3)
FNDA:3,(anonymous_4)
FNDA:6,(anonymous_5)
FNDA:12,(anonymous_6)
FNDA:3,(anonymous_7)
FNDA:3,(anonymous_8)
FNDA:18,(anonymous_9)
FNDA:3,(anonymous_10)
FNDA:6,(anonymous_11)
FNDA:12,(anonymous_12)
FNDA:66,(anonymous_13)
FNDA:4,(anonymous_14)
FNDA:1,(anonymous_15)
FNDA:3,(anonymous_16)
FNDA:0,(anonymous_17)
FNDA:66,(anonymous_18)
DA:1,1
DA:7,1
DA:20,11
DA:27,11
DA:28,11
DA:29,11
DA:30,11
DA:31,11
DA:32,11
DA:33,11
DA:35,11
DA:43,66
DA:47,3
DA:58,6
DA:61,12
DA:65,3
DA:66,3
DA:67,3
DA:68,3
DA:69,3
DA:70,3
DA:74,3
DA:75,3
DA:76,18
DA:80,3
DA:83,3
DA:87,3
DA:88,1
DA:89,6
DA:92,2
DA:93,12
DA:99,66
DA:101,66
DA:103,66
DA:107,4
DA:116,1
DA:120,3
DA:124,0
DA:125,0
DA:127,0
DA:134,66
LF:41
LH:38
BRDA:80,0,0,3
BRDA:80,0,1,1
BRDA:83,1,0,3
BRDA:83,1,1,0
BRDA:87,2,0,1
BRDA:87,2,1,2
BRDA:107,3,0,4
BRDA:107,3,1,2
BRDA:107,3,2,2
BRDA:107,3,3,2
BRDA:107,3,4,2
BRDA:107,3,5,2
BRDA:116,4,0,1
BRDA:116,4,1,1
BRDA:120,5,0,3
BRDA:120,5,1,2
BRDA:124,6,0,0
BRDA:124,6,1,0
BRF:18
BRH:15
end_of_record
TN:
SF:src\plugin\View\ValuesScale\interfaces.ts
FNF:0
FNH:0
LF:0
LH:0
BRF:0
BRH:0
end_of_record
TN:
SF:src\plugin\View\ValuesScale\valueScale.test.ts
FN:4,(anonymous_0)
FN:7,(anonymous_1)
FN:8,(anonymous_2)
FN:11,(anonymous_3)
FN:15,(anonymous_4)
FN:27,(anonymous_5)
FN:37,(anonymous_6)
FN:54,(anonymous_7)
FNF:8
FNH:7
FNDA:1,(anonymous_0)
FNDA:5,(anonymous_1)
FNDA:0,(anonymous_2)
FNDA:1,(anonymous_3)
FNDA:1,(anonymous_4)
FNDA:1,(anonymous_5)
FNDA:1,(anonymous_6)
FNDA:1,(anonymous_7)
DA:1,1
DA:4,1
DA:7,1
DA:8,5
DA:11,1
DA:12,1
DA:15,1
DA:16,1
DA:19,1
DA:20,1
DA:21,1
DA:22,1
DA:23,1
DA:24,1
DA:27,1
DA:28,1
DA:29,1
DA:30,1
DA:31,1
DA:32,1
DA:33,1
DA:34,1
DA:37,1
DA:38,1
DA:39,1
DA:40,1
DA:41,1
DA:42,1
DA:43,1
DA:44,1
DA:45,1
DA:46,1
DA:47,1
DA:48,1
DA:49,1
DA:50,1
DA:51,1
DA:54,1
DA:55,1
DA:56,1
DA:57,1
DA:58,1
DA:59,1
DA:60,1
DA:61,1
DA:62,1
DA:63,1
DA:64,1
DA:65,1
DA:66,1
DA:67,1
DA:68,1
LF:52
LH:52
BRF:0
BRH:0
end_of_record
TN:
SF:src\plugin\common\defaultSettings.ts
FNF:0
FNH:0
DA:5,1
DA:16,1
LF:2
LH:2
BRF:0
BRH:0
end_of_record
TN:
SF:src\plugin\utils\Validator.ts
FN:10,(anonymous_0)
FN:19,(anonymous_1)
FN:24,(anonymous_2)
FN:35,(anonymous_3)
FN:46,(anonymous_4)
FN:57,(anonymous_5)
FN:68,(anonymous_6)
FNF:7
FNH:7
FNDA:16,(anonymous_0)
FNDA:80,(anonymous_1)
FNDA:16,(anonymous_2)
FNDA:16,(anonymous_3)
FNDA:16,(anonymous_4)
FNDA:16,(anonymous_5)
FNDA:16,(anonymous_6)
DA:3,1
DA:8,16
DA:11,16
DA:12,16
DA:13,16
DA:14,16
DA:15,16
DA:16,16
DA:20,80
DA:25,16
DA:26,16
DA:27,0
DA:28,0
DA:31,0
DA:36,16
DA:37,16
DA:38,0
DA:39,0
DA:42,0
DA:47,16
DA:48,16
DA:49,0
DA:50,0
DA:53,0
DA:58,16
DA:59,16
DA:60,0
DA:61,0
DA:64,0
DA:69,16
DA:70,16
DA:71,0
DA:72,0
DA:73,0
DA:76,0
DA:81,1
LF:36
LH:20
BRDA:20,0,0,80
BRDA:20,0,1,6
BRDA:20,0,2,80
BRDA:26,1,0,0
BRDA:26,1,1,16
BRDA:37,2,0,0
BRDA:37,2,1,16
BRDA:48,3,0,0
BRDA:48,3,1,16
BRDA:59,4,0,0
BRDA:59,4,1,16
BRDA:70,5,0,0
BRDA:70,5,1,16
BRF:13
BRH:8
end_of_record
TN:
SF:src\plugin\utils\index.test.ts
FNF:0
FNH:0
DA:1,1
DA:2,1
DA:3,1
DA:5,1
DA:6,1
DA:7,1
DA:9,1
DA:10,1
DA:11,1
DA:13,1
DA:14,1
DA:15,1
LF:12
LH:12
BRF:0
BRH:0
end_of_record
