TN:
SF:src\components\model\model.ts
FN:12,(anonymous_0)
FN:21,(anonymous_1)
FN:26,(anonymous_2)
FN:29,calculateValues
FN:36,(anonymous_4)
FN:47,(anonymous_5)
FN:59,(anonymous_6)
FN:69,(anonymous_7)
FN:72,(anonymous_8)
FN:75,(anonymous_9)
FN:78,(anonymous_10)
FN:82,(anonymous_11)
FNF:12
FNH:12
FNDA:24,(anonymous_0)
FNDA:47,(anonymous_1)
FNDA:30,(anonymous_2)
FNDA:30,calculateValues
FNDA:11,(anonymous_4)
FNDA:10,(anonymous_5)
FNDA:16,(anonymous_6)
FNDA:7,(anonymous_7)
FNDA:7,(anonymous_8)
FNDA:4,(anonymous_9)
FNDA:4,(anonymous_10)
FNDA:7,(anonymous_11)
DA:9,1
DA:13,24
DA:22,47
DA:23,47
DA:27,30
DA:30,30
DA:33,30
DA:37,11
DA:49,10
DA:50,5
DA:52,5
DA:55,10
DA:56,10
DA:60,16
DA:61,16
DA:62,16
DA:64,16
DA:66,16
DA:70,7
DA:73,7
DA:76,4
DA:79,4
DA:83,7
DA:84,7
DA:85,7
DA:86,4
DA:88,4
DA:89,1
DA:91,4
DA:92,1
DA:96,7
DA:97,7
LF:32
LH:32
BRDA:22,0,0,25
BRDA:22,0,1,22
BRDA:23,1,0,22
BRDA:23,1,1,25
BRDA:49,2,0,5
BRDA:49,2,1,5
BRDA:49,3,0,10
BRDA:49,3,1,5
BRDA:61,4,0,4
BRDA:61,4,1,12
BRDA:62,5,0,1
BRDA:62,5,1,15
BRDA:76,6,0,4
BRDA:76,6,1,2
BRDA:79,7,0,4
BRDA:79,7,1,2
BRDA:83,8,0,1
BRDA:83,8,1,6
BRDA:84,9,0,2
BRDA:84,9,1,5
BRDA:85,10,0,4
BRDA:85,10,1,3
BRDA:88,11,0,1
BRDA:88,11,1,3
BRDA:91,12,0,1
BRDA:91,12,1,3
BRF:26
BRH:26
end_of_record
TN:
SF:src\components\model\interfaces\CalculationData.ts
FNF:0
FNH:0
LF:0
LH:0
BRF:0
BRH:0
end_of_record
TN:
SF:src\components\model\interfaces\DataForPrepareValue.ts
FNF:0
FNH:0
LF:0
LH:0
BRF:0
BRH:0
end_of_record
TN:
SF:src\components\model\interfaces\DataForRefreshingModel.ts
FNF:0
FNH:0
LF:0
LH:0
BRF:0
BRH:0
end_of_record
TN:
SF:src\components\model\interfaces\DataForValueScale.ts
FNF:0
FNH:0
LF:0
LH:0
BRF:0
BRH:0
end_of_record
TN:
SF:src\components\model\interfaces\ModelInterfaces.ts
FNF:0
FNH:0
LF:0
LH:0
BRF:0
BRH:0
end_of_record
TN:
SF:src\components\model\interfaces\StepInfoFromModel.ts
FNF:0
FNH:0
LF:0
LH:0
BRF:0
BRH:0
end_of_record
TN:
SF:src\components\presenter\presenter.ts
FN:12,(anonymous_0)
FN:17,(anonymous_1)
FN:90,(anonymous_2)
FNF:3
FNH:3
FNDA:9,(anonymous_0)
FNDA:9,(anonymous_1)
FNDA:9,(anonymous_2)
DA:8,1
DA:13,9
DA:14,9
DA:18,9
DA:19,9
DA:21,9
DA:23,28
DA:24,28
DA:25,28
DA:30,28
DA:33,9
DA:35,38
DA:36,38
DA:37,10
DA:38,10
DA:39,10
DA:41,38
DA:42,10
DA:43,10
DA:44,10
DA:45,10
DA:46,10
DA:47,10
DA:48,10
DA:49,10
DA:51,38
DA:52,10
DA:53,10
DA:54,10
DA:55,10
DA:58,38
DA:59,2
DA:70,2
DA:71,2
DA:72,2
DA:73,2
DA:75,38
DA:76,6
DA:77,6
DA:78,6
DA:79,6
DA:80,6
DA:82,38
DA:84,0
DA:91,9
DA:92,9
DA:94,9
DA:96,36
DA:97,36
DA:98,36
DA:99,36
DA:101,36
DA:106,36
LF:53
LH:52
BRDA:23,0,0,14
BRDA:23,0,1,14
BRDA:24,1,0,14
BRDA:24,1,1,14
BRDA:35,2,0,38
BRDA:35,2,1,0
BRDA:36,3,0,10
BRDA:36,3,1,28
BRDA:41,4,0,10
BRDA:41,4,1,28
BRDA:51,5,0,10
BRDA:51,5,1,28
BRDA:52,6,0,10
BRDA:52,6,1,0
BRDA:55,7,0,10
BRDA:55,7,1,0
BRDA:58,8,0,2
BRDA:58,8,1,36
BRDA:72,9,0,1
BRDA:72,9,1,1
BRDA:73,10,0,1
BRDA:73,10,1,1
BRDA:75,11,0,6
BRDA:75,11,1,32
BRDA:79,12,0,3
BRDA:79,12,1,3
BRDA:80,13,0,3
BRDA:80,13,1,3
BRDA:96,14,0,18
BRDA:96,14,1,18
BRDA:97,15,0,18
BRDA:97,15,1,18
BRDA:98,16,0,0
BRDA:98,16,1,36
BRDA:99,17,0,0
BRDA:99,17,1,36
BRF:36
BRH:31
end_of_record
TN:
SF:src\components\view\view.ts
FN:22,(anonymous_0)
FN:47,(anonymous_1)
FN:50,addSliderToDOM
FN:60,addSideMenuToDOM
FN:83,(anonymous_4)
FN:104,(anonymous_5)
FN:106,(anonymous_6)
FN:115,(anonymous_7)
FN:126,(anonymous_8)
FN:131,(anonymous_9)
FN:147,(anonymous_10)
FN:152,(anonymous_11)
FN:160,(anonymous_12)
FN:168,(anonymous_13)
FN:174,(anonymous_14)
FN:180,(anonymous_15)
FN:187,(anonymous_16)
FNF:17
FNH:15
FNDA:27,(anonymous_0)
FNDA:12,(anonymous_1)
FNDA:12,addSliderToDOM
FNDA:12,addSideMenuToDOM
FNDA:18,(anonymous_4)
FNDA:9,(anonymous_5)
FNDA:0,(anonymous_6)
FNDA:0,(anonymous_7)
FNDA:40,(anonymous_8)
FNDA:15,(anonymous_9)
FNDA:2,(anonymous_10)
FNDA:2,(anonymous_11)
FNDA:2,(anonymous_12)
FNDA:2,(anonymous_13)
FNDA:2,(anonymous_14)
FNDA:2,(anonymous_15)
FNDA:1,(anonymous_16)
DA:1,1
DA:2,1
DA:3,1
DA:6,1
DA:7,1
DA:10,1
DA:12,1
DA:23,27
DA:24,27
DA:25,27
DA:26,27
DA:27,27
DA:28,27
DA:29,27
DA:30,27
DA:39,27
DA:48,12
DA:51,12
DA:57,12
DA:61,12
DA:62,12
DA:63,1
DA:65,11
DA:68,12
DA:69,12
DA:71,12
DA:72,12
DA:73,12
DA:74,12
DA:84,18
DA:85,11
DA:86,11
DA:87,11
DA:89,18
DA:90,2
DA:91,2
DA:92,2
DA:94,18
DA:95,18
DA:96,18
DA:97,18
DA:98,18
DA:99,18
DA:100,18
DA:105,9
DA:106,9
DA:107,0
DA:108,0
DA:115,9
DA:116,0
DA:117,0
DA:127,40
DA:128,40
DA:132,15
DA:133,15
DA:134,15
DA:135,15
DA:136,15
DA:137,15
DA:138,15
DA:139,15
DA:140,15
DA:141,15
DA:142,15
DA:143,15
DA:144,15
DA:148,2
DA:149,2
DA:153,2
DA:154,2
DA:155,2
DA:156,2
DA:157,2
DA:161,2
DA:162,2
DA:163,2
DA:164,2
DA:165,2
DA:169,2
DA:170,2
DA:171,2
DA:175,2
DA:176,2
DA:177,2
DA:181,2
DA:183,2
DA:184,2
DA:188,1
DA:189,1
DA:190,1
LF:90
LH:86
BRDA:62,0,0,1
BRDA:62,0,1,11
BRDA:63,1,0,0
BRDA:63,1,1,1
BRDA:63,2,0,1
BRDA:63,2,1,1
BRDA:69,3,0,12
BRDA:69,3,1,0
BRDA:73,4,0,10
BRDA:73,4,1,2
BRDA:73,5,0,12
BRDA:73,5,1,12
BRDA:84,6,0,11
BRDA:84,6,1,7
BRDA:89,7,0,2
BRDA:89,7,1,16
BRDA:94,8,0,1
BRDA:94,8,1,17
BRDA:95,9,0,2
BRDA:95,9,1,16
BRDA:96,10,0,18
BRDA:96,10,1,0
BRDA:97,11,0,11
BRDA:97,11,1,7
BRDA:98,12,0,12
BRDA:98,12,1,6
BRDA:99,13,0,12
BRDA:99,13,1,6
BRDA:100,14,0,13
BRDA:100,14,1,5
BRDA:107,15,0,0
BRDA:107,15,1,0
BRDA:116,16,0,0
BRDA:116,16,1,0
BRDA:128,17,0,40
BRDA:128,17,1,0
BRDA:154,18,0,1
BRDA:154,18,1,1
BRDA:162,19,0,1
BRDA:162,19,1,1
BRDA:170,20,0,1
BRDA:170,20,1,1
BRDA:176,21,0,1
BRDA:176,21,1,1
BRDA:183,22,0,1
BRDA:183,22,1,1
BRF:46
BRH:38
end_of_record
TN:
SF:src\components\view\components\handels\handels.ts
FN:13,(anonymous_0)
FN:14,createElement
FN:16,(anonymous_2)
FN:30,(anonymous_3)
FN:35,(anonymous_4)
FN:36,calculateNewPosition
FN:48,(anonymous_6)
FN:53,(anonymous_7)
FN:57,(anonymous_8)
FN:60,(anonymous_9)
FN:64,(anonymous_10)
FN:65,classChanger
FN:76,(anonymous_12)
FN:91,(anonymous_13)
FNF:14
FNH:14
FNDA:65,(anonymous_0)
FNDA:260,createElement
FNDA:520,(anonymous_2)
FNDA:42,(anonymous_3)
FNDA:30,(anonymous_4)
FNDA:30,calculateNewPosition
FNDA:15,(anonymous_6)
FNDA:2,(anonymous_7)
FNDA:7,(anonymous_8)
FNDA:3,(anonymous_9)
FNDA:15,(anonymous_10)
FNDA:15,classChanger
FNDA:7,(anonymous_12)
FNDA:6,(anonymous_13)
DA:7,1
DA:15,260
DA:16,260
DA:17,520
DA:19,260
DA:20,260
DA:22,65
DA:23,65
DA:24,65
DA:25,65
DA:26,65
DA:27,65
DA:31,42
DA:32,42
DA:37,30
DA:41,30
DA:43,30
DA:44,30
DA:45,30
DA:49,15
DA:54,2
DA:58,7
DA:61,3
DA:66,15
DA:67,15
DA:69,15
DA:70,13
DA:71,2
DA:72,2
DA:77,7
DA:78,4
DA:79,3
DA:80,3
DA:81,3
DA:82,3
DA:83,3
DA:84,3
DA:85,1
DA:86,1
DA:92,6
DA:93,4
DA:94,4
DA:96,2
DA:97,2
LF:44
LH:44
BRDA:19,0,0,260
BRDA:19,0,1,0
BRDA:31,1,0,21
BRDA:31,1,1,21
BRDA:32,2,0,21
BRDA:32,2,1,21
BRDA:41,3,0,15
BRDA:41,3,1,15
BRDA:49,4,0,15
BRDA:49,4,1,13
BRDA:49,4,2,13
BRDA:54,5,0,2
BRDA:54,5,1,2
BRDA:54,5,2,2
BRDA:58,6,0,7
BRDA:58,6,1,4
BRDA:61,7,0,3
BRDA:61,7,1,3
BRDA:69,8,0,13
BRDA:69,8,1,2
BRDA:71,9,0,2
BRDA:71,9,1,0
BRDA:77,10,0,4
BRDA:77,10,1,3
BRDA:79,11,0,3
BRDA:79,11,1,0
BRDA:84,12,0,1
BRDA:84,12,1,2
BRDA:92,13,0,4
BRDA:92,13,1,2
BRF:30
BRH:27
end_of_record
TN:
SF:src\components\view\components\handels\interfaces\DataForAdjustPosition.ts
FNF:0
FNH:0
LF:0
LH:0
BRF:0
BRH:0
end_of_record
TN:
SF:src\components\view\components\movement\movement.ts
FN:17,(anonymous_0)
FN:27,(anonymous_1)
FN:45,bindEventListeners
FN:52,onMouseMove
FN:66,isToBiggerThanRightEdge
FN:69,isFromBiggerThanRightEdge
FN:72,isDouble
FN:75,isFromBiggerThanTo
FN:78,isToSmallerThanFrom
FN:81,isStepSetCorrectly
FN:84,isStepWidthPassedPositively
FN:87,isStepWidthPassedNegatively
FN:90,correctsImpossiblePosition
FN:102,appliesNewPosition
FN:127,onMouseUp
FNF:15
FNH:14
FNDA:40,(anonymous_0)
FNDA:13,(anonymous_1)
FNDA:13,bindEventListeners
FNDA:13,onMouseMove
FNDA:11,isToBiggerThanRightEdge
FNDA:13,isFromBiggerThanRightEdge
FNDA:13,isDouble
FNDA:11,isFromBiggerThanTo
FNDA:11,isToSmallerThanFrom
FNDA:13,isStepSetCorrectly
FNDA:4,isStepWidthPassedPositively
FNDA:2,isStepWidthPassedNegatively
FNDA:13,correctsImpossiblePosition
FNDA:13,appliesNewPosition
FNDA:0,onMouseUp
DA:8,1
DA:18,40
DA:19,40
DA:20,40
DA:21,40
DA:22,40
DA:23,40
DA:24,40
DA:28,13
DA:29,13
DA:32,13
DA:33,8
DA:35,5
DA:38,13
DA:39,13
DA:40,1
DA:42,12
DA:46,13
DA:47,13
DA:50,13
DA:53,13
DA:54,13
DA:55,13
DA:58,13
DA:60,13
DA:61,1
DA:63,12
DA:67,11
DA:70,13
DA:73,13
DA:76,11
DA:79,11
DA:82,13
DA:85,4
DA:88,2
DA:91,13
DA:92,13
DA:93,13
DA:94,11
DA:95,11
DA:96,11
DA:100,13
DA:103,13
DA:104,13
DA:105,13
DA:106,13
DA:109,13
DA:110,5
DA:111,1
DA:113,4
DA:114,2
DA:115,2
DA:116,2
DA:117,2
DA:118,2
DA:122,8
DA:128,0
DA:129,0
DA:132,13
LF:59
LH:57
BRDA:24,0,0,13
BRDA:24,0,1,27
BRDA:32,1,0,8
BRDA:32,1,1,5
BRDA:39,2,0,1
BRDA:39,2,1,12
BRDA:50,3,0,13
BRDA:50,3,1,0
BRDA:58,4,0,8
BRDA:58,4,1,5
BRDA:60,5,0,1
BRDA:60,5,1,12
BRDA:67,6,0,11
BRDA:67,6,1,1
BRDA:70,7,0,13
BRDA:70,7,1,3
BRDA:76,8,0,11
BRDA:76,8,1,6
BRDA:79,9,0,11
BRDA:79,9,1,5
BRDA:82,10,0,13
BRDA:82,10,1,5
BRDA:82,10,2,5
BRDA:91,11,0,2
BRDA:91,11,1,11
BRDA:92,12,0,2
BRDA:92,12,1,11
BRDA:93,13,0,11
BRDA:93,13,1,2
BRDA:94,14,0,1
BRDA:94,14,1,10
BRDA:95,15,0,1
BRDA:95,15,1,10
BRDA:96,16,0,1
BRDA:96,16,1,10
BRDA:104,17,0,8
BRDA:104,17,1,5
BRDA:109,18,0,5
BRDA:109,18,1,8
BRDA:110,19,0,1
BRDA:110,19,1,4
BRDA:110,20,0,5
BRDA:110,20,1,4
BRDA:113,21,0,2
BRDA:113,21,1,2
BRDA:114,22,0,1
BRDA:114,22,1,1
BRDA:116,23,0,2
BRDA:116,23,1,0
BRDA:117,24,0,1
BRDA:117,24,1,1
BRF:51
BRH:49
end_of_record
TN:
SF:src\components\view\components\movement\interfaces\EventInfo.ts
FNF:0
FNH:0
LF:0
LH:0
BRF:0
BRH:0
end_of_record
TN:
SF:src\components\view\components\movement\interfaces\HandelsPosition.ts
FNF:0
FNH:0
LF:0
LH:0
BRF:0
BRH:0
end_of_record
TN:
SF:src\components\view\components\movement\interfaces\MovementInterfaces.ts
FNF:0
FNH:0
LF:0
LH:0
BRF:0
BRH:0
end_of_record
TN:
SF:src\components\view\components\movement\interfaces\testMouseEvent.ts
FNF:0
FNH:0
LF:0
LH:0
BRF:0
BRH:0
end_of_record
TN:
SF:src\components\view\components\selectedInterval\selectedInterval.ts
FN:7,(anonymous_0)
FN:13,(anonymous_1)
FN:21,(anonymous_2)
FN:24,(anonymous_3)
FN:28,(anonymous_4)
FNF:5
FNH:5
FNDA:45,(anonymous_0)
FNDA:30,(anonymous_1)
FNDA:6,(anonymous_2)
FNDA:2,(anonymous_3)
FNDA:6,(anonymous_4)
DA:4,1
DA:8,45
DA:9,45
DA:10,45
DA:14,30
DA:15,15
DA:17,15
DA:22,6
DA:25,2
DA:29,6
DA:30,4
DA:31,2
DA:32,2
DA:33,2
LF:14
LH:14
BRDA:14,0,0,15
BRDA:14,0,1,15
BRDA:22,1,0,6
BRDA:22,1,1,4
BRDA:25,2,0,2
BRDA:25,2,1,2
BRDA:29,3,0,4
BRDA:29,3,1,2
BRDA:31,4,0,2
BRDA:31,4,1,0
BRF:10
BRH:9
end_of_record
TN:
SF:src\components\view\components\selectedInterval\interfaces.ts\RefreshIntervalPositions.ts
FNF:0
FNH:0
LF:0
LH:0
BRF:0
BRH:0
end_of_record
TN:
SF:src\components\view\components\sideMenu\sideMenu.ts
FN:39,(anonymous_0)
FN:40,createElement
FN:43,(anonymous_2)
FN:210,(anonymous_3)
FN:240,(anonymous_4)
FN:251,(anonymous_5)
FNF:6
FNH:6
FNDA:32,(anonymous_0)
FNDA:1056,createElement
FNDA:1120,(anonymous_2)
FNDA:13,(anonymous_3)
FNDA:42,(anonymous_4)
FNDA:6,(anonymous_5)
DA:4,1
DA:41,1056
DA:43,1056
DA:44,1120
DA:46,1056
DA:47,1056
DA:48,1056
DA:51,32
DA:57,32
DA:61,32
DA:66,32
DA:70,32
DA:76,32
DA:80,32
DA:85,32
DA:89,32
DA:94,32
DA:99,32
DA:103,32
DA:108,32
DA:114,32
DA:119,32
DA:124,32
DA:129,32
DA:134,32
DA:140,32
DA:144,32
DA:149,32
DA:153,32
DA:158,32
DA:163,32
DA:167,32
DA:172,32
DA:176,32
DA:181,32
DA:186,32
DA:190,32
DA:195,32
DA:199,32
DA:204,32
DA:211,13
DA:213,13
DA:214,13
DA:215,13
DA:216,13
DA:218,13
DA:219,13
DA:221,13
DA:222,13
DA:224,13
DA:225,13
DA:227,13
DA:228,13
DA:230,13
DA:241,42
DA:242,21
DA:243,21
DA:245,42
DA:246,21
DA:247,21
DA:252,6
DA:253,4
DA:254,4
DA:256,2
DA:257,2
LF:65
LH:65
BRDA:46,0,0,288
BRDA:46,0,1,768
BRDA:47,1,0,288
BRDA:47,1,1,768
BRDA:241,2,0,21
BRDA:241,2,1,21
BRDA:245,3,0,21
BRDA:245,3,1,21
BRDA:252,4,0,4
BRDA:252,4,1,2
BRF:10
BRH:10
end_of_record
TN:
SF:src\components\view\components\sideMenu\interfaces\ElementParams.ts
FNF:0
FNH:0
LF:0
LH:0
BRF:0
BRH:0
end_of_record
TN:
SF:src\components\view\components\slider\slider.ts
FN:7,(anonymous_0)
FN:15,(anonymous_1)
FN:29,(anonymous_2)
FN:33,(anonymous_3)
FN:37,(anonymous_4)
FNF:5
FNH:5
FNDA:43,(anonymous_0)
FNDA:13,(anonymous_1)
FNDA:2,(anonymous_2)
FNDA:15,(anonymous_3)
FNDA:15,(anonymous_4)
DA:3,1
DA:8,43
DA:9,43
DA:10,43
DA:11,43
DA:12,43
DA:16,13
DA:30,2
DA:34,15
DA:38,15
DA:39,13
DA:40,13
DA:41,13
DA:42,2
DA:43,2
DA:44,2
DA:45,2
LF:17
LH:17
BRDA:30,0,0,2
BRDA:30,0,1,2
BRDA:34,1,0,15
BRDA:34,1,1,13
BRDA:38,2,0,13
BRDA:38,2,1,2
BRDA:42,3,0,2
BRDA:42,3,1,0
BRF:8
BRH:7
end_of_record
TN:
SF:src\components\view\components\slider\interfaces\sliderInterfaces.ts
FNF:0
FNH:0
LF:0
LH:0
BRF:0
BRH:0
end_of_record
TN:
SF:src\components\view\components\valuesScale\valuesScale.ts
FN:11,(anonymous_0)
FN:12,createElement
FN:14,(anonymous_2)
FN:27,(anonymous_3)
FN:36,(anonymous_4)
FN:45,(anonymous_5)
FN:55,(anonymous_6)
FN:65,(anonymous_7)
FN:67,classChanger
FN:82,(anonymous_9)
FNF:10
FNH:10
FNDA:33,(anonymous_0)
FNDA:198,createElement
FNDA:396,(anonymous_2)
FNDA:11,(anonymous_3)
FNDA:11,(anonymous_4)
FNDA:2,(anonymous_5)
FNDA:15,(anonymous_6)
FNDA:15,(anonymous_7)
FNDA:15,classChanger
FNDA:5,(anonymous_9)
DA:3,1
DA:13,198
DA:14,198
DA:15,396
DA:17,198
DA:19,33
DA:20,33
DA:21,33
DA:22,33
DA:23,33
DA:24,33
DA:28,11
DA:29,11
DA:30,11
DA:31,11
DA:32,11
DA:33,11
DA:37,11
DA:38,11
DA:39,11
DA:40,11
DA:41,11
DA:42,11
DA:46,2
DA:56,15
DA:66,15
DA:68,15
DA:69,15
DA:70,15
DA:71,15
DA:72,15
DA:73,15
DA:75,15
DA:76,13
DA:77,2
DA:78,2
DA:83,5
DA:84,3
DA:85,3
DA:86,3
DA:87,3
DA:88,3
DA:89,3
DA:91,2
DA:92,2
DA:93,2
DA:94,2
DA:95,2
DA:96,2
LF:49
LH:49
BRDA:46,0,0,2
BRDA:46,0,1,2
BRDA:46,0,2,2
BRDA:46,0,3,2
BRDA:46,0,4,2
BRDA:46,0,5,2
BRDA:46,0,6,2
BRDA:56,1,0,15
BRDA:56,1,1,13
BRDA:56,1,2,13
BRDA:56,1,3,13
BRDA:56,1,4,13
BRDA:56,1,5,13
BRDA:56,1,6,13
BRDA:75,2,0,13
BRDA:75,2,1,2
BRDA:77,3,0,2
BRDA:77,3,1,0
BRDA:83,4,0,3
BRDA:83,4,1,2
BRF:20
BRH:19
end_of_record
TN:
SF:src\components\view\interfaces\DataRequestFromModel.ts
FNF:0
FNH:0
LF:0
LH:0
BRF:0
BRH:0
end_of_record
TN:
SF:src\components\view\interfaces\RefreshData.ts
FNF:0
FNH:0
LF:0
LH:0
BRF:0
BRH:0
end_of_record
TN:
SF:src\components\view\interfaces\TargetsForViewUpdate.ts
FNF:0
FNH:0
LF:0
LH:0
BRF:0
BRH:0
end_of_record
TN:
SF:src\components\view\interfaces\ViewInterfaces.ts
FNF:0
FNH:0
LF:0
LH:0
BRF:0
BRH:0
end_of_record
