TN:
SF:src\plugin\Model\Model.ts
FN:16,(anonymous_0)
FN:25,(anonymous_1)
FN:29,(anonymous_2)
FN:44,(anonymous_3)
FN:45,(anonymous_4)
FN:55,(anonymous_5)
FN:56,(anonymous_6)
FN:70,(anonymous_7)
FN:91,(anonymous_8)
FN:105,(anonymous_9)
FN:109,(anonymous_10)
FN:113,(anonymous_11)
FN:117,(anonymous_12)
FN:121,(anonymous_13)
FN:141,(anonymous_14)
FN:160,(anonymous_15)
FN:174,(anonymous_16)
FN:179,(anonymous_17)
FN:184,(anonymous_18)
FNF:19
FNH:19
FNDA:27,(anonymous_0)
FNDA:65,(anonymous_1)
FNDA:283,(anonymous_2)
FNDA:48,(anonymous_3)
FNDA:48,(anonymous_4)
FNDA:20,(anonymous_5)
FNDA:80,(anonymous_6)
FNDA:10,(anonymous_7)
FNDA:25,(anonymous_8)
FNDA:7,(anonymous_9)
FNDA:7,(anonymous_10)
FNDA:4,(anonymous_11)
FNDA:4,(anonymous_12)
FNDA:2,(anonymous_13)
FNDA:4,(anonymous_14)
FNDA:7,(anonymous_15)
FNDA:1,(anonymous_16)
FNDA:1,(anonymous_17)
FNDA:2,(anonymous_18)
DA:17,27
DA:26,65
DA:30,283
DA:31,283
DA:32,283
DA:34,283
DA:36,281
DA:38,1
DA:40,1
DA:45,48
DA:46,48
DA:49,48
DA:52,48
DA:56,20
DA:57,80
DA:60,20
DA:71,10
DA:72,10
DA:73,10
DA:76,10
DA:77,5
DA:79,5
DA:82,10
DA:83,10
DA:92,25
DA:93,25
DA:94,25
DA:96,25
DA:97,25
DA:99,25
DA:102,25
DA:106,7
DA:110,7
DA:114,4
DA:118,4
DA:124,2
DA:125,0
DA:127,2
DA:130,2
DA:132,2
DA:133,1
DA:134,1
DA:135,1
DA:138,2
DA:142,4
DA:147,4
DA:149,4
DA:150,1
DA:153,4
DA:154,1
DA:157,4
DA:161,7
DA:162,7
DA:163,7
DA:165,7
DA:166,7
DA:175,1
DA:176,1
DA:180,1
DA:181,1
DA:185,2
DA:186,2
DA:188,2
DA:190,1
DA:193,1
DA:194,1
DA:196,1
DA:199,1
DA:200,1
DA:202,0
DA:205,2
DA:206,2
DA:210,1
LF:73
LH:71
BRDA:30,0,0,283
BRDA:30,0,1,3
BRDA:32,1,0,283
BRDA:32,1,1,3
BRDA:35,2,0,281
BRDA:35,2,1,1
BRDA:35,2,2,1
BRDA:73,3,0,10
BRDA:73,3,1,5
BRDA:76,4,0,5
BRDA:76,4,1,5
BRDA:96,5,0,0
BRDA:96,5,1,25
BRDA:97,6,0,5
BRDA:97,6,1,20
BRDA:114,7,0,4
BRDA:114,7,1,2
BRDA:118,8,0,4
BRDA:118,8,1,2
BRDA:124,9,0,0
BRDA:124,9,1,2
BRDA:132,10,0,1
BRDA:132,10,1,1
BRDA:134,11,0,1
BRDA:134,11,1,0
BRDA:149,12,0,1
BRDA:149,12,1,3
BRDA:153,13,0,1
BRDA:153,13,1,3
BRDA:161,14,0,1
BRDA:161,14,1,6
BRDA:162,15,0,2
BRDA:162,15,1,5
BRDA:163,16,0,4
BRDA:163,16,1,3
BRDA:175,17,0,1
BRDA:175,17,1,0
BRDA:180,18,0,1
BRDA:180,18,1,0
BRDA:189,19,0,1
BRDA:189,19,1,1
BRDA:189,19,2,0
BRDA:205,20,0,1
BRDA:205,20,1,1
BRDA:206,21,0,1
BRDA:206,21,1,1
BRF:46
BRH:40
end_of_record
TN:
SF:src\plugin\Model\model.test.ts
FN:5,(anonymous_0)
FN:8,(anonymous_1)
FN:17,(anonymous_2)
FN:21,(anonymous_3)
FN:26,(anonymous_4)
FN:31,(anonymous_5)
FN:38,(anonymous_6)
FN:43,(anonymous_7)
FN:50,(anonymous_8)
FN:55,(anonymous_9)
FN:62,(anonymous_10)
FN:71,(anonymous_11)
FN:80,(anonymous_12)
FN:97,(anonymous_13)
FN:114,(anonymous_14)
FN:131,(anonymous_15)
FN:148,(anonymous_16)
FN:165,(anonymous_17)
FN:176,(anonymous_18)
FN:181,(anonymous_19)
FNF:20
FNH:20
FNDA:1,(anonymous_0)
FNDA:18,(anonymous_1)
FNDA:1,(anonymous_2)
FNDA:1,(anonymous_3)
FNDA:1,(anonymous_4)
FNDA:1,(anonymous_5)
FNDA:1,(anonymous_6)
FNDA:1,(anonymous_7)
FNDA:1,(anonymous_8)
FNDA:1,(anonymous_9)
FNDA:1,(anonymous_10)
FNDA:1,(anonymous_11)
FNDA:1,(anonymous_12)
FNDA:1,(anonymous_13)
FNDA:1,(anonymous_14)
FNDA:1,(anonymous_15)
FNDA:1,(anonymous_16)
FNDA:1,(anonymous_17)
FNDA:1,(anonymous_18)
FNDA:1,(anonymous_19)
DA:2,1
DA:5,1
DA:8,1
DA:9,18
DA:17,1
DA:18,1
DA:21,1
DA:22,1
DA:23,1
DA:26,1
DA:27,1
DA:28,1
DA:31,1
DA:32,1
DA:33,1
DA:38,1
DA:39,1
DA:40,1
DA:43,1
DA:44,1
DA:45,1
DA:50,1
DA:51,1
DA:52,1
DA:55,1
DA:56,1
DA:57,1
DA:62,1
DA:63,1
DA:68,1
DA:71,1
DA:72,1
DA:77,1
DA:80,1
DA:81,1
DA:91,1
DA:92,1
DA:97,1
DA:98,1
DA:108,1
DA:109,1
DA:114,1
DA:115,1
DA:125,1
DA:126,1
DA:131,1
DA:132,1
DA:142,1
DA:143,1
DA:148,1
DA:149,1
DA:159,1
DA:160,1
DA:165,1
DA:166,1
DA:167,1
DA:169,1
DA:170,1
DA:172,1
DA:173,1
DA:176,1
DA:177,1
DA:178,1
DA:181,1
DA:182,1
DA:183,1
LF:66
LH:66
BRF:0
BRH:0
end_of_record
TN:
SF:src\plugin\Model\types.ts
FNF:0
FNH:0
LF:0
LH:0
BRF:0
BRH:0
end_of_record
TN:
SF:src\plugin\Presenter\Presenter.ts
FN:16,(anonymous_1)
FN:21,(anonymous_2)
FN:44,(anonymous_3)
FN:53,(anonymous_4)
FN:62,(anonymous_5)
FN:69,(anonymous_6)
FN:91,(anonymous_7)
FN:92,(anonymous_8)
FN:111,(anonymous_9)
FN:121,(anonymous_10)
FN:148,(anonymous_11)
FN:161,(anonymous_12)
FN:171,(anonymous_13)
FN:196,(anonymous_14)
FN:207,(anonymous_15)
FN:223,(anonymous_16)
FNF:16
FNH:15
FNDA:9,(anonymous_1)
FNDA:9,(anonymous_2)
FNDA:19,(anonymous_3)
FNDA:38,(anonymous_4)
FNDA:38,(anonymous_5)
FNDA:19,(anonymous_6)
FNDA:19,(anonymous_7)
FNDA:19,(anonymous_8)
FNDA:2,(anonymous_9)
FNDA:2,(anonymous_10)
FNDA:6,(anonymous_11)
FNDA:0,(anonymous_12)
FNDA:65,(anonymous_13)
FNDA:9,(anonymous_14)
FNDA:9,(anonymous_15)
FNDA:9,(anonymous_16)
DA:1,1
DA:11,1
DA:17,9
DA:18,9
DA:22,9
DA:24,46
DA:25,46
DA:31,46
DA:32,0
DA:33,0
DA:36,46
DA:37,46
DA:39,46
DA:45,19
DA:46,19
DA:47,19
DA:54,38
DA:63,38
DA:70,19
DA:71,19
DA:72,19
DA:73,19
DA:74,19
DA:75,19
DA:76,19
DA:77,19
DA:78,19
DA:79,19
DA:84,19
DA:92,19
DA:93,19
DA:98,19
DA:100,19
DA:102,19
DA:103,19
DA:104,19
DA:108,19
DA:112,2
DA:113,2
DA:114,1
DA:115,1
DA:116,1
DA:118,2
DA:122,2
DA:123,2
DA:125,2
DA:137,2
DA:142,2
DA:143,2
DA:144,2
DA:145,2
DA:149,6
DA:150,6
DA:154,6
DA:155,6
DA:156,6
DA:157,6
DA:158,6
DA:162,0
DA:166,0
DA:167,0
DA:168,0
DA:172,65
DA:174,19
DA:175,19
DA:177,19
DA:178,19
DA:180,19
DA:181,19
DA:183,2
DA:184,2
DA:186,6
DA:187,6
DA:189,0
DA:190,0
DA:192,0
DA:197,9
DA:198,9
DA:200,65
DA:201,65
DA:202,65
DA:208,9
DA:210,54
DA:212,54
DA:218,54
DA:224,9
DA:226,9
DA:227,9
DA:228,9
LF:89
LH:80
BRDA:24,0,0,46
BRDA:24,0,1,46
BRDA:31,1,0,0
BRDA:31,1,1,46
BRDA:102,2,0,19
BRDA:102,2,1,0
BRDA:108,3,0,19
BRDA:108,3,1,0
BRDA:113,4,0,1
BRDA:113,4,1,1
BRDA:115,5,0,1
BRDA:115,5,1,0
BRDA:123,6,0,0
BRDA:123,6,1,2
BRDA:157,7,0,3
BRDA:157,7,1,3
BRDA:158,8,0,3
BRDA:158,8,1,3
BRDA:163,9,0,0
BRDA:163,9,1,0
BRDA:163,10,0,0
BRDA:163,10,1,0
BRDA:173,11,0,19
BRDA:173,11,1,19
BRDA:173,11,2,19
BRDA:173,11,3,2
BRDA:173,11,4,6
BRDA:173,11,5,0
BRDA:173,11,6,0
BRDA:200,12,0,0
BRDA:200,12,1,65
BRF:31
BRH:19
end_of_record
TN:
SF:src\plugin\Presenter\presenter.test.ts
FN:7,(anonymous_0)
FN:27,(anonymous_1)
FN:42,(anonymous_2)
FN:46,(anonymous_3)
FN:52,(anonymous_4)
FN:58,(anonymous_5)
FN:68,(anonymous_6)
FN:74,(anonymous_7)
FN:80,(anonymous_8)
FN:86,(anonymous_9)
FN:92,(anonymous_10)
FNF:11
FNH:11
FNDA:1,(anonymous_0)
FNDA:9,(anonymous_1)
FNDA:1,(anonymous_2)
FNDA:1,(anonymous_3)
FNDA:1,(anonymous_4)
FNDA:1,(anonymous_5)
FNDA:1,(anonymous_6)
FNDA:1,(anonymous_7)
FNDA:1,(anonymous_8)
FNDA:1,(anonymous_9)
FNDA:1,(anonymous_10)
DA:2,1
DA:3,1
DA:5,1
DA:7,1
DA:11,1
DA:20,1
DA:21,1
DA:27,1
DA:28,9
DA:29,9
DA:30,9
DA:32,9
DA:33,9
DA:34,9
DA:35,9
DA:37,9
DA:38,9
DA:39,9
DA:42,1
DA:43,1
DA:46,1
DA:47,1
DA:48,1
DA:49,1
DA:52,1
DA:53,1
DA:54,1
DA:55,1
DA:58,1
DA:59,1
DA:60,1
DA:61,1
DA:62,1
DA:63,1
DA:64,1
DA:65,1
DA:68,1
DA:69,1
DA:70,1
DA:71,1
DA:74,1
DA:75,1
DA:76,1
DA:77,1
DA:80,1
DA:81,1
DA:82,1
DA:83,1
DA:86,1
DA:87,1
DA:88,1
DA:89,1
DA:92,1
DA:93,1
DA:94,1
DA:95,1
DA:96,1
DA:97,1
DA:98,1
DA:99,1
DA:100,1
LF:61
LH:61
BRDA:32,0,0,0
BRDA:32,0,1,9
BRDA:32,1,0,9
BRDA:32,1,1,9
BRF:4
BRH:3
end_of_record
TN:
SF:src\plugin\View\View.ts
FN:43,(anonymous_1)
FN:60,(anonymous_2)
FN:70,(anonymous_3)
FN:80,(anonymous_4)
FN:85,(anonymous_5)
FN:105,(anonymous_6)
FN:113,(anonymous_7)
FN:142,(anonymous_8)
FN:158,(anonymous_9)
FN:159,(anonymous_10)
FN:168,(anonymous_11)
FN:173,(anonymous_12)
FN:178,(anonymous_13)
FN:185,(anonymous_14)
FN:196,(anonymous_15)
FN:201,(anonymous_16)
FN:217,(anonymous_17)
FN:230,(anonymous_18)
FN:237,(anonymous_19)
FN:244,(anonymous_20)
FN:257,(anonymous_21)
FN:269,(anonymous_22)
FN:282,(anonymous_23)
FN:288,(anonymous_24)
FN:317,(anonymous_25)
FNF:25
FNH:20
FNDA:26,(anonymous_1)
FNDA:11,(anonymous_2)
FNDA:11,(anonymous_3)
FNDA:24,(anonymous_4)
FNDA:11,(anonymous_5)
FNDA:17,(anonymous_6)
FNDA:17,(anonymous_7)
FNDA:96,(anonymous_8)
FNDA:15,(anonymous_9)
FNDA:90,(anonymous_10)
FNDA:30,(anonymous_11)
FNDA:30,(anonymous_12)
FNDA:30,(anonymous_13)
FNDA:0,(anonymous_14)
FNDA:2,(anonymous_15)
FNDA:2,(anonymous_16)
FNDA:2,(anonymous_17)
FNDA:2,(anonymous_18)
FNDA:2,(anonymous_19)
FNDA:2,(anonymous_20)
FNDA:1,(anonymous_21)
FNDA:0,(anonymous_22)
FNDA:0,(anonymous_23)
FNDA:0,(anonymous_24)
FNDA:0,(anonymous_25)
DA:1,1
DA:2,1
DA:3,1
DA:4,1
DA:5,1
DA:6,1
DA:7,1
DA:17,1
DA:34,26
DA:44,26
DA:45,26
DA:46,26
DA:47,26
DA:48,26
DA:49,26
DA:50,26
DA:51,26
DA:61,11
DA:67,11
DA:71,11
DA:73,11
DA:74,1
DA:76,10
DA:81,24
DA:86,11
DA:88,11
DA:90,11
DA:91,11
DA:93,11
DA:95,11
DA:106,17
DA:107,17
DA:108,17
DA:109,17
DA:110,17
DA:114,17
DA:115,11
DA:120,11
DA:121,11
DA:123,17
DA:124,5
DA:129,5
DA:133,5
DA:135,17
DA:136,17
DA:137,17
DA:138,17
DA:143,96
DA:144,96
DA:146,96
DA:147,58
DA:154,96
DA:155,96
DA:159,15
DA:160,90
DA:162,15
DA:163,15
DA:164,15
DA:165,15
DA:166,15
DA:167,15
DA:169,30
DA:172,15
DA:174,30
DA:177,15
DA:178,15
DA:179,30
DA:181,15
DA:182,15
DA:186,0
DA:187,0
DA:197,2
DA:198,2
DA:202,2
DA:204,2
DA:205,2
DA:210,2
DA:214,2
DA:218,2
DA:220,2
DA:221,2
DA:226,2
DA:227,2
DA:231,2
DA:233,2
DA:234,2
DA:238,2
DA:240,2
DA:241,2
DA:245,2
DA:248,2
DA:249,1
DA:251,1
DA:254,2
DA:258,1
DA:260,1
DA:261,1
DA:262,0
DA:263,0
DA:265,1
DA:270,0
DA:273,0
DA:274,0
DA:276,0
DA:279,0
DA:283,0
DA:284,0
DA:285,0
DA:289,0
DA:291,0
DA:293,0
DA:296,0
DA:298,0
DA:299,0
DA:304,0
DA:305,0
DA:309,0
DA:314,0
DA:318,0
DA:319,0
DA:320,0
LF:121
LH:96
BRDA:73,0,0,1
BRDA:73,0,1,10
BRDA:74,1,0,0
BRDA:74,1,1,1
BRDA:74,2,0,1
BRDA:74,2,1,1
BRDA:81,3,0,24
BRDA:81,3,1,24
BRDA:88,4,0,11
BRDA:88,4,1,0
BRDA:93,5,0,11
BRDA:93,5,1,0
BRDA:106,6,0,11
BRDA:106,6,1,6
BRDA:107,7,0,12
BRDA:107,7,1,5
BRDA:108,8,0,11
BRDA:108,8,1,6
BRDA:109,9,0,12
BRDA:109,9,1,5
BRDA:110,10,0,17
BRDA:110,10,1,0
BRDA:114,11,0,11
BRDA:114,11,1,6
BRDA:123,12,0,5
BRDA:123,12,1,12
BRDA:135,13,0,5
BRDA:135,13,1,12
BRDA:136,14,0,6
BRDA:136,14,1,11
BRDA:137,15,0,17
BRDA:137,15,1,0
BRDA:143,16,0,96
BRDA:143,16,1,77
BRDA:146,17,0,58
BRDA:146,17,1,38
BRDA:154,18,0,96
BRDA:154,18,1,96
BRDA:155,19,0,96
BRDA:155,19,1,0
BRDA:248,20,0,1
BRDA:248,20,1,1
BRDA:261,21,0,0
BRDA:261,21,1,1
BRDA:273,22,0,0
BRDA:273,22,1,0
BRDA:289,23,0,0
BRDA:289,23,1,0
BRDA:296,24,0,0
BRDA:296,24,1,0
BRDA:298,25,0,0
BRDA:298,25,1,0
BRDA:320,26,0,0
BRDA:320,26,1,0
BRF:54
BRH:37
end_of_record
TN:
SF:src\plugin\View\types.ts
FNF:0
FNH:0
LF:0
LH:0
BRF:0
BRH:0
end_of_record
TN:
SF:src\plugin\View\view.test.ts
FN:6,(anonymous_0)
FN:19,(anonymous_1)
FN:23,(anonymous_2)
FN:27,(anonymous_3)
FN:32,(anonymous_4)
FN:41,(anonymous_5)
FN:53,(anonymous_6)
FN:65,(anonymous_7)
FN:78,(anonymous_8)
FN:89,(anonymous_9)
FN:101,(anonymous_10)
FN:117,(anonymous_11)
FN:132,(anonymous_12)
FN:149,(anonymous_13)
FN:165,(anonymous_14)
FN:183,(anonymous_15)
FN:195,(anonymous_16)
FN:209,(anonymous_17)
FN:219,(anonymous_18)
FNF:19
FNH:19
FNDA:1,(anonymous_0)
FNDA:17,(anonymous_1)
FNDA:1,(anonymous_2)
FNDA:1,(anonymous_3)
FNDA:1,(anonymous_4)
FNDA:1,(anonymous_5)
FNDA:1,(anonymous_6)
FNDA:1,(anonymous_7)
FNDA:1,(anonymous_8)
FNDA:1,(anonymous_9)
FNDA:1,(anonymous_10)
FNDA:1,(anonymous_11)
FNDA:1,(anonymous_12)
FNDA:1,(anonymous_13)
FNDA:1,(anonymous_14)
FNDA:1,(anonymous_15)
FNDA:1,(anonymous_16)
FNDA:1,(anonymous_17)
FNDA:1,(anonymous_18)
DA:2,1
DA:4,1
DA:6,1
DA:8,1
DA:17,1
DA:19,1
DA:20,17
DA:23,1
DA:24,1
DA:27,1
DA:28,1
DA:29,1
DA:32,1
DA:33,1
DA:34,1
DA:35,1
DA:36,1
DA:37,1
DA:38,1
DA:41,1
DA:42,1
DA:47,1
DA:48,1
DA:49,1
DA:50,1
DA:53,1
DA:54,1
DA:59,1
DA:60,1
DA:61,1
DA:62,1
DA:65,1
DA:66,1
DA:67,1
DA:73,1
DA:74,1
DA:75,1
DA:78,1
DA:79,1
DA:80,1
DA:86,1
DA:89,1
DA:90,1
DA:91,1
DA:97,1
DA:98,1
DA:101,1
DA:102,1
DA:103,1
DA:111,1
DA:112,1
DA:113,1
DA:114,1
DA:117,1
DA:118,1
DA:123,1
DA:124,1
DA:129,1
DA:132,1
DA:133,1
DA:138,1
DA:139,1
DA:140,1
DA:145,1
DA:146,1
DA:149,1
DA:150,1
DA:151,1
DA:152,1
DA:153,1
DA:154,1
DA:155,1
DA:156,1
DA:157,1
DA:158,1
DA:159,1
DA:160,1
DA:161,1
DA:162,1
DA:165,1
DA:166,1
DA:167,1
DA:168,1
DA:169,1
DA:170,1
DA:171,1
DA:172,1
DA:173,1
DA:174,1
DA:175,1
DA:176,1
DA:177,1
DA:178,1
DA:179,1
DA:180,1
DA:183,1
DA:184,1
DA:185,1
DA:186,1
DA:187,1
DA:188,1
DA:189,1
DA:190,1
DA:191,1
DA:192,1
DA:195,1
DA:196,1
DA:197,1
DA:198,1
DA:199,1
DA:200,1
DA:201,1
DA:202,1
DA:203,1
DA:204,1
DA:205,1
DA:206,1
DA:209,1
DA:210,1
DA:211,1
DA:212,1
DA:213,1
DA:214,1
DA:215,1
DA:216,1
DA:219,1
DA:220,1
DA:221,1
DA:222,1
DA:223,1
DA:224,1
DA:225,1
LF:132
LH:132
BRDA:35,0,0,0
BRDA:35,0,1,1
BRDA:35,1,0,1
BRDA:35,1,1,1
BRF:4
BRH:3
end_of_record
TN:
SF:src\plugin\View\Handles\Handles.ts
FN:47,(anonymous_0)
FN:57,(anonymous_1)
FN:62,(anonymous_2)
FN:73,(anonymous_3)
FN:83,(anonymous_4)
FN:96,(anonymous_5)
FN:117,(anonymous_6)
FN:121,calculateNewPosition
FN:137,(anonymous_8)
FN:142,(anonymous_9)
FN:147,(anonymous_10)
FN:151,(anonymous_11)
FN:155,(anonymous_12)
FN:156,changeVerticalClass
FN:173,(anonymous_14)
FN:188,(anonymous_15)
FN:199,(anonymous_16)
FN:209,(anonymous_17)
FN:223,(anonymous_18)
FNF:19
FNH:19
FNDA:53,(anonymous_0)
FNDA:53,(anonymous_1)
FNDA:212,(anonymous_2)
FNDA:424,(anonymous_3)
FNDA:2,(anonymous_4)
FNDA:62,(anonymous_5)
FNDA:48,(anonymous_6)
FNDA:48,calculateNewPosition
FNDA:15,(anonymous_8)
FNDA:2,(anonymous_9)
FNDA:10,(anonymous_10)
FNDA:5,(anonymous_11)
FNDA:15,(anonymous_12)
FNDA:15,changeVerticalClass
FNDA:3,(anonymous_14)
FNDA:10,(anonymous_15)
FNDA:10,(anonymous_16)
FNDA:2,(anonymous_17)
FNDA:2,(anonymous_18)
DA:13,1
DA:22,53
DA:24,53
DA:48,53
DA:49,53
DA:50,53
DA:51,53
DA:52,53
DA:53,53
DA:54,53
DA:58,53
DA:59,53
DA:70,212
DA:71,212
DA:73,212
DA:74,424
DA:77,212
DA:78,212
DA:80,212
DA:84,2
DA:85,2
DA:87,2
DA:88,1
DA:89,1
DA:91,1
DA:92,1
DA:97,62
DA:98,62
DA:99,62
DA:100,62
DA:101,62
DA:103,62
DA:106,62
DA:107,62
DA:108,2
DA:109,2
DA:111,60
DA:112,60
DA:114,62
DA:118,48
DA:119,48
DA:122,48
DA:126,48
DA:127,48
DA:129,48
DA:138,15
DA:143,2
DA:148,10
DA:152,5
DA:157,15
DA:158,15
DA:161,15
DA:163,13
DA:164,13
DA:166,2
DA:167,2
DA:169,0
DA:174,3
DA:176,3
DA:177,3
DA:178,3
DA:179,3
DA:181,3
DA:182,1
DA:183,1
DA:184,1
DA:189,10
DA:191,10
DA:192,5
DA:193,5
DA:194,3
DA:195,3
DA:200,10
DA:201,5
DA:202,5
DA:204,5
DA:205,5
DA:214,2
DA:215,2
DA:216,2
DA:217,2
DA:219,2
DA:220,1
DA:228,2
DA:230,2
DA:231,1
DA:232,1
DA:234,1
DA:235,1
LF:89
LH:88
BRDA:64,0,0,0
BRDA:68,1,0,0
BRDA:69,2,0,0
BRDA:77,3,0,212
BRDA:77,3,1,212
BRDA:78,4,0,212
BRDA:78,4,1,0
BRDA:87,5,0,1
BRDA:87,5,1,1
BRDA:99,6,0,62
BRDA:99,6,1,60
BRDA:101,7,0,62
BRDA:101,7,1,55
BRDA:103,8,0,62
BRDA:103,8,1,17
BRDA:103,8,2,15
BRDA:107,9,0,2
BRDA:107,9,1,60
BRDA:111,10,0,50
BRDA:111,10,1,10
BRDA:112,11,0,8
BRDA:112,11,1,52
BRDA:138,12,0,15
BRDA:138,12,1,13
BRDA:138,12,2,13
BRDA:143,13,0,2
BRDA:143,13,1,2
BRDA:143,13,2,2
BRDA:148,14,0,10
BRDA:148,14,1,5
BRDA:152,15,0,5
BRDA:152,15,1,5
BRDA:162,16,0,13
BRDA:162,16,1,2
BRDA:162,16,2,0
BRDA:181,17,0,1
BRDA:181,17,1,2
BRDA:191,18,0,5
BRDA:191,18,1,5
BRDA:193,19,0,3
BRDA:193,19,1,2
BRDA:200,20,0,5
BRDA:200,20,1,5
BRDA:217,21,0,2
BRDA:217,21,1,1
BRDA:219,22,0,1
BRDA:219,22,1,1
BRDA:230,23,0,1
BRDA:230,23,1,1
BRF:49
BRH:44
end_of_record
TN:
SF:src\plugin\View\Handles\handles.test.ts
FN:5,(anonymous_0)
FN:8,(anonymous_1)
FN:12,(anonymous_2)
FN:16,(anonymous_3)
FN:29,(anonymous_4)
FN:42,(anonymous_5)
FN:52,(anonymous_6)
FN:62,(anonymous_7)
FN:71,(anonymous_8)
FN:80,(anonymous_9)
FN:85,(anonymous_10)
FN:92,(anonymous_11)
FN:100,(anonymous_12)
FN:119,(anonymous_13)
FN:139,(anonymous_14)
FN:149,(anonymous_15)
FN:159,(anonymous_16)
FNF:17
FNH:17
FNDA:1,(anonymous_0)
FNDA:15,(anonymous_1)
FNDA:1,(anonymous_2)
FNDA:1,(anonymous_3)
FNDA:1,(anonymous_4)
FNDA:1,(anonymous_5)
FNDA:1,(anonymous_6)
FNDA:1,(anonymous_7)
FNDA:1,(anonymous_8)
FNDA:1,(anonymous_9)
FNDA:1,(anonymous_10)
FNDA:1,(anonymous_11)
FNDA:1,(anonymous_12)
FNDA:1,(anonymous_13)
FNDA:1,(anonymous_14)
FNDA:1,(anonymous_15)
FNDA:1,(anonymous_16)
DA:1,1
DA:5,1
DA:8,1
DA:9,15
DA:12,1
DA:13,1
DA:16,1
DA:17,1
DA:26,1
DA:29,1
DA:30,1
DA:39,1
DA:42,1
DA:43,1
DA:46,1
DA:47,1
DA:52,1
DA:53,1
DA:56,1
DA:57,1
DA:62,1
DA:63,1
DA:64,1
DA:65,1
DA:66,1
DA:67,1
DA:68,1
DA:71,1
DA:72,1
DA:73,1
DA:74,1
DA:75,1
DA:76,1
DA:77,1
DA:80,1
DA:81,1
DA:82,1
DA:85,1
DA:86,1
DA:87,1
DA:88,1
DA:89,1
DA:92,1
DA:93,1
DA:94,1
DA:95,1
DA:96,1
DA:97,1
DA:100,1
DA:101,1
DA:102,1
DA:103,1
DA:105,1
DA:115,1
DA:116,1
DA:119,1
DA:120,1
DA:121,1
DA:122,1
DA:123,1
DA:125,1
DA:135,1
DA:136,1
DA:139,1
DA:140,1
DA:146,1
DA:149,1
DA:150,1
DA:156,1
DA:159,1
DA:160,1
DA:162,1
DA:168,1
DA:170,1
DA:176,1
LF:75
LH:75
BRF:0
BRH:0
end_of_record
TN:
SF:src\plugin\View\Handles\types.ts
FNF:0
FNH:0
LF:0
LH:0
BRF:0
BRH:0
end_of_record
TN:
SF:src\plugin\View\Movement\Movement.ts
FN:29,(anonymous_1)
FN:47,(anonymous_2)
FN:51,(anonymous_3)
FN:55,(anonymous_4)
FN:59,(anonymous_5)
FN:64,(anonymous_6)
FN:69,(anonymous_7)
FN:73,(anonymous_8)
FN:83,(anonymous_9)
FN:86,(anonymous_10)
FN:103,(anonymous_11)
FN:109,(anonymous_12)
FN:122,(anonymous_13)
FN:126,(anonymous_14)
FN:145,(anonymous_15)
FN:176,(anonymous_16)
FN:215,(anonymous_17)
FN:220,(anonymous_18)
FN:224,(anonymous_19)
FNF:19
FNH:14
FNDA:31,(anonymous_1)
FNDA:2,(anonymous_2)
FNDA:4,(anonymous_3)
FNDA:4,(anonymous_4)
FNDA:2,(anonymous_5)
FNDA:2,(anonymous_6)
FNDA:3,(anonymous_7)
FNDA:0,(anonymous_8)
FNDA:4,(anonymous_9)
FNDA:2,(anonymous_10)
FNDA:3,(anonymous_11)
FNDA:3,(anonymous_12)
FNDA:0,(anonymous_13)
FNDA:0,(anonymous_14)
FNDA:3,(anonymous_15)
FNDA:3,(anonymous_16)
FNDA:0,(anonymous_17)
FNDA:0,(anonymous_18)
FNDA:3,(anonymous_19)
DA:1,1
DA:12,1
DA:30,31
DA:31,31
DA:32,31
DA:33,31
DA:34,31
DA:35,31
DA:36,31
DA:37,5
DA:39,26
DA:41,31
DA:48,2
DA:52,4
DA:56,4
DA:60,2
DA:65,2
DA:70,3
DA:74,0
DA:75,0
DA:76,0
DA:77,0
DA:80,0
DA:84,4
DA:86,4
DA:87,2
DA:88,2
DA:89,1
DA:91,2
DA:94,4
DA:95,4
DA:96,4
DA:97,2
DA:100,4
DA:104,3
DA:105,3
DA:110,3
DA:111,3
DA:113,3
DA:114,3
DA:116,0
DA:119,3
DA:123,0
DA:127,0
DA:128,0
DA:131,0
DA:133,0
DA:134,0
DA:136,0
DA:139,0
DA:141,0
DA:146,3
DA:147,3
DA:148,3
DA:151,3
DA:152,3
DA:154,0
DA:159,3
DA:160,0
DA:164,3
DA:167,3
DA:169,3
DA:170,0
DA:172,3
DA:184,3
DA:187,3
DA:188,3
DA:190,0
DA:194,3
DA:195,0
DA:197,3
DA:200,3
DA:201,3
DA:207,3
DA:212,3
DA:216,0
DA:217,0
DA:221,0
DA:225,3
DA:226,3
LF:80
LH:57
BRDA:36,0,0,5
BRDA:36,0,1,26
BRDA:48,1,0,2
BRDA:48,1,1,1
BRDA:52,2,0,4
BRDA:52,2,1,2
BRDA:60,3,0,2
BRDA:60,3,1,1
BRDA:65,4,0,2
BRDA:65,4,1,1
BRDA:70,5,0,3
BRDA:70,5,1,0
BRDA:70,5,2,0
BRDA:77,6,0,0
BRDA:77,6,1,0
BRDA:80,7,0,0
BRDA:80,7,1,0
BRDA:80,7,2,0
BRDA:87,8,0,1
BRDA:87,8,1,1
BRDA:88,9,0,1
BRDA:88,9,1,1
BRDA:91,10,0,0
BRDA:91,10,1,2
BRDA:94,11,0,1
BRDA:94,11,1,3
BRDA:95,12,0,2
BRDA:95,12,1,2
BRDA:96,13,0,2
BRDA:96,13,1,2
BRDA:113,14,0,3
BRDA:113,14,1,0
BRDA:123,15,0,0
BRDA:123,15,1,0
BRDA:132,16,0,0
BRDA:132,16,1,0
BRDA:132,16,2,0
BRDA:151,17,0,3
BRDA:151,17,1,0
BRDA:159,18,0,0
BRDA:159,18,1,3
BRDA:169,19,0,0
BRDA:169,19,1,3
BRDA:178,20,0,0
BRDA:183,21,0,0
BRDA:187,22,0,3
BRDA:187,22,1,0
BRDA:194,23,0,0
BRDA:194,23,1,3
BRDA:200,24,0,3
BRDA:200,24,1,0
BRF:51
BRH:29
end_of_record
TN:
SF:src\plugin\View\Movement\movement.test.ts
FN:6,(anonymous_0)
FN:9,(anonymous_1)
FN:41,(anonymous_2)
FN:47,(anonymous_3)
FN:52,(anonymous_4)
FN:62,(anonymous_5)
FN:72,(anonymous_6)
FN:80,(anonymous_7)
FNF:8
FNH:8
FNDA:1,(anonymous_0)
FNDA:5,(anonymous_1)
FNDA:5,(anonymous_2)
FNDA:1,(anonymous_3)
FNDA:1,(anonymous_4)
FNDA:1,(anonymous_5)
FNDA:1,(anonymous_6)
FNDA:1,(anonymous_7)
DA:1,1
DA:2,1
DA:3,1
DA:4,1
DA:6,1
DA:9,1
DA:10,5
DA:25,5
DA:26,5
DA:27,5
DA:28,5
DA:29,5
DA:30,5
DA:31,5
DA:32,5
DA:33,5
DA:34,5
DA:35,5
DA:36,5
DA:37,5
DA:38,5
DA:41,1
DA:42,5
DA:43,5
DA:44,5
DA:47,1
DA:48,1
DA:51,1
DA:53,1
DA:54,1
DA:56,1
DA:57,1
DA:58,1
DA:61,1
DA:63,1
DA:64,1
DA:66,1
DA:67,1
DA:68,1
DA:71,1
DA:73,1
DA:75,1
DA:76,1
DA:77,1
DA:80,1
DA:81,1
DA:82,1
DA:84,1
LF:48
LH:48
BRDA:26,0,0,0
BRDA:26,0,1,5
BRDA:26,1,0,5
BRDA:26,1,1,5
BRF:4
BRH:3
end_of_record
TN:
SF:src\plugin\View\Movement\types.ts
FNF:0
FNH:0
LF:0
LH:0
BRF:0
BRH:0
end_of_record
TN:
SF:src\plugin\View\SelectedInterval\SelectedInterval.ts
FN:8,(anonymous_1)
FN:14,(anonymous_2)
FN:23,(anonymous_3)
FN:27,(anonymous_4)
FN:31,(anonymous_5)
FNF:5
FNH:5
FNDA:36,(anonymous_1)
FNDA:48,(anonymous_2)
FNDA:9,(anonymous_3)
FNDA:4,(anonymous_4)
FNDA:9,(anonymous_5)
DA:1,1
DA:5,1
DA:9,36
DA:10,36
DA:11,36
DA:15,48
DA:16,24
DA:18,24
DA:24,9
DA:28,4
DA:32,9
DA:34,9
DA:36,5
DA:37,5
DA:39,2
DA:40,2
DA:41,2
DA:43,2
LF:18
LH:18
BRDA:15,0,0,24
BRDA:15,0,1,24
BRDA:24,1,0,9
BRDA:24,1,1,5
BRDA:28,2,0,4
BRDA:28,2,1,4
BRDA:35,3,0,5
BRDA:35,3,1,2
BRDA:35,3,2,2
BRF:9
BRH:9
end_of_record
TN:
SF:src\plugin\View\SelectedInterval\selectedInterval.test.ts
FN:3,(anonymous_0)
FN:6,(anonymous_1)
FN:10,(anonymous_2)
FN:14,(anonymous_3)
FN:24,(anonymous_4)
FN:34,(anonymous_5)
FNF:6
FNH:6
FNDA:1,(anonymous_0)
FNDA:4,(anonymous_1)
FNDA:1,(anonymous_2)
FNDA:1,(anonymous_3)
FNDA:1,(anonymous_4)
FNDA:1,(anonymous_5)
DA:1,1
DA:3,1
DA:6,1
DA:7,4
DA:10,1
DA:11,1
DA:14,1
DA:15,1
DA:21,1
DA:24,1
DA:25,1
DA:31,1
DA:34,1
DA:35,1
DA:36,1
DA:37,1
DA:38,1
DA:39,1
LF:18
LH:18
BRF:0
BRH:0
end_of_record
TN:
SF:src\plugin\View\SelectedInterval\types.ts
FNF:0
FNH:0
LF:0
LH:0
BRF:0
BRH:0
end_of_record
TN:
SF:src\plugin\View\SideMenu\SideMenu.ts
FN:9,(anonymous_0)
FN:14,(anonymous_1)
FN:35,(anonymous_2)
FN:109,(anonymous_3)
FN:142,(anonymous_4)
FN:191,(anonymous_5)
FN:217,(anonymous_6)
FN:230,(anonymous_7)
FN:233,(anonymous_8)
FN:243,(anonymous_9)
FN:251,(anonymous_10)
FN:267,(anonymous_11)
FN:278,(anonymous_12)
FN:289,(anonymous_13)
FN:300,(anonymous_14)
FN:311,(anonymous_15)
FN:322,(anonymous_16)
FN:342,(anonymous_17)
FN:344,(anonymous_18)
FN:370,(anonymous_19)
FN:371,(anonymous_20)
FNF:21
FNH:21
FNDA:31,(anonymous_0)
FNDA:31,(anonymous_1)
FNDA:31,(anonymous_2)
FNDA:31,(anonymous_3)
FNDA:31,(anonymous_4)
FNDA:31,(anonymous_5)
FNDA:31,(anonymous_6)
FNDA:1085,(anonymous_7)
FNDA:1147,(anonymous_8)
FNDA:12,(anonymous_9)
FNDA:12,(anonymous_10)
FNDA:12,(anonymous_11)
FNDA:12,(anonymous_12)
FNDA:12,(anonymous_13)
FNDA:12,(anonymous_14)
FNDA:12,(anonymous_15)
FNDA:12,(anonymous_16)
FNDA:98,(anonymous_17)
FNDA:120,(anonymous_18)
FNDA:9,(anonymous_19)
FNDA:9,(anonymous_20)
DA:4,1
DA:7,31
DA:10,31
DA:11,31
DA:15,31
DA:19,31
DA:24,31
DA:28,31
DA:36,31
DA:41,31
DA:46,31
DA:51,31
DA:57,31
DA:63,31
DA:69,31
DA:75,31
DA:82,31
DA:87,31
DA:92,31
DA:97,31
DA:102,31
DA:103,31
DA:104,31
DA:105,31
DA:106,31
DA:110,31
DA:115,31
DA:120,31
DA:125,31
DA:130,31
DA:135,31
DA:143,31
DA:149,31
DA:154,31
DA:155,31
DA:156,31
DA:157,31
DA:159,31
DA:164,31
DA:169,31
DA:174,31
DA:179,31
DA:185,31
DA:192,31
DA:198,31
DA:204,31
DA:210,31
DA:218,31
DA:219,31
DA:220,31
DA:221,31
DA:222,31
DA:224,31
DA:231,1085
DA:233,1085
DA:234,1147
DA:237,1085
DA:238,1085
DA:240,1085
DA:244,12
DA:252,12
DA:253,12
DA:254,12
DA:255,12
DA:256,12
DA:257,12
DA:268,12
DA:272,12
DA:279,12
DA:283,12
DA:290,12
DA:294,12
DA:301,12
DA:305,12
DA:312,12
DA:316,12
DA:323,12
DA:324,12
DA:325,12
DA:326,12
DA:327,12
DA:328,12
DA:329,12
DA:331,12
DA:343,98
DA:344,98
DA:345,120
DA:348,98
DA:350,30
DA:351,30
DA:352,30
DA:354,30
DA:355,30
DA:356,30
DA:358,19
DA:359,19
DA:361,19
DA:362,19
DA:364,0
DA:367,98
DA:371,9
DA:372,9
DA:373,9
DA:376,9
DA:377,5
DA:379,4
LF:106
LH:105
BRDA:237,0,0,372
BRDA:237,0,1,713
BRDA:238,1,0,279
BRDA:238,1,1,806
BRDA:343,2,0,98
BRDA:343,2,1,98
BRDA:345,3,0,104
BRDA:345,3,1,16
BRDA:349,4,0,30
BRDA:349,4,1,30
BRDA:349,4,2,19
BRDA:349,4,3,19
BRDA:349,4,4,0
BRDA:376,5,0,5
BRDA:376,5,1,4
BRF:15
BRH:14
end_of_record
TN:
SF:src\plugin\View\SideMenu\sideMenu.test.ts
FN:3,(anonymous_0)
FN:6,(anonymous_1)
FN:10,(anonymous_2)
FN:14,(anonymous_3)
FN:19,(anonymous_4)
FN:25,(anonymous_5)
FN:31,(anonymous_6)
FNF:7
FNH:7
FNDA:1,(anonymous_0)
FNDA:5,(anonymous_1)
FNDA:1,(anonymous_2)
FNDA:1,(anonymous_3)
FNDA:1,(anonymous_4)
FNDA:1,(anonymous_5)
FNDA:1,(anonymous_6)
DA:1,1
DA:3,1
DA:6,1
DA:7,5
DA:10,1
DA:11,1
DA:14,1
DA:15,1
DA:16,1
DA:19,1
DA:20,1
DA:21,1
DA:22,1
DA:25,1
DA:26,1
DA:27,1
DA:28,1
DA:31,1
DA:32,1
DA:33,1
DA:34,1
DA:36,1
DA:37,1
DA:38,1
LF:24
LH:24
BRF:0
BRH:0
end_of_record
TN:
SF:src\plugin\View\SideMenu\types.ts
FNF:0
FNH:0
LF:0
LH:0
BRF:0
BRH:0
end_of_record
TN:
SF:src\plugin\View\Slider\Slider.ts
FN:8,(anonymous_0)
FN:16,(anonymous_1)
FN:30,(anonymous_2)
FN:34,(anonymous_3)
FN:38,(anonymous_4)
FN:41,refreshAfterResize
FNF:6
FNH:6
FNDA:34,(anonymous_0)
FNDA:12,(anonymous_1)
FNDA:2,(anonymous_2)
FNDA:15,(anonymous_3)
FNDA:15,(anonymous_4)
FNDA:15,refreshAfterResize
DA:3,1
DA:9,34
DA:10,34
DA:11,34
DA:12,34
DA:13,34
DA:17,12
DA:31,2
DA:35,15
DA:39,15
DA:42,15
DA:43,15
DA:44,15
DA:47,15
DA:49,13
DA:50,13
DA:51,13
DA:52,13
DA:54,2
DA:55,2
DA:56,2
DA:57,2
DA:59,0
DA:62,15
LF:24
LH:23
BRDA:31,0,0,2
BRDA:31,0,1,2
BRDA:35,1,0,15
BRDA:35,1,1,13
BRDA:44,2,0,12
BRDA:44,2,1,3
BRDA:48,3,0,13
BRDA:48,3,1,2
BRDA:48,3,2,0
BRF:9
BRH:8
end_of_record
TN:
SF:src\plugin\View\Slider\slider.test.ts
FN:8,(anonymous_0)
FN:19,(anonymous_1)
FN:23,(anonymous_2)
FN:27,(anonymous_3)
FN:38,(anonymous_4)
FNF:5
FNH:5
FNDA:1,(anonymous_0)
FNDA:3,(anonymous_1)
FNDA:1,(anonymous_2)
FNDA:1,(anonymous_3)
FNDA:1,(anonymous_4)
DA:1,1
DA:2,1
DA:4,1
DA:5,1
DA:8,1
DA:10,1
DA:19,1
DA:20,3
DA:23,1
DA:24,1
DA:27,1
DA:28,1
DA:34,1
DA:35,1
DA:38,1
DA:39,1
DA:44,1
DA:46,1
DA:51,1
LF:19
LH:19
BRF:0
BRH:0
end_of_record
TN:
SF:src\plugin\View\Slider\types.ts
FNF:0
FNH:0
LF:0
LH:0
BRF:0
BRH:0
end_of_record
TN:
SF:src\plugin\View\ValuesScale\ValuesScale.ts
FN:17,(anonymous_0)
FN:26,(anonymous_1)
FN:34,(anonymous_2)
FN:45,(anonymous_3)
FN:46,(anonymous_4)
FN:49,(anonymous_5)
FN:61,(anonymous_6)
FN:71,(anonymous_7)
FN:81,(anonymous_8)
FN:82,(anonymous_9)
FN:97,(anonymous_10)
FN:98,(anonymous_11)
FNF:12
FNH:12
FNDA:32,(anonymous_0)
FNDA:192,(anonymous_1)
FNDA:20,(anonymous_2)
FNDA:20,(anonymous_3)
FNDA:40,(anonymous_4)
FNDA:80,(anonymous_5)
FNDA:2,(anonymous_6)
FNDA:15,(anonymous_7)
FNDA:15,(anonymous_8)
FNDA:15,(anonymous_9)
FNDA:9,(anonymous_10)
FNDA:9,(anonymous_11)
DA:4,1
DA:18,32
DA:19,32
DA:20,32
DA:21,32
DA:22,32
DA:23,32
DA:27,192
DA:29,192
DA:31,192
DA:35,20
DA:46,40
DA:49,80
DA:53,20
DA:54,20
DA:55,20
DA:56,20
DA:57,20
DA:58,20
DA:62,2
DA:72,15
DA:82,15
DA:83,15
DA:84,15
DA:85,15
DA:86,15
DA:87,15
DA:88,15
DA:91,15
DA:94,15
DA:98,9
DA:99,9
DA:100,9
DA:101,9
DA:102,9
DA:103,9
DA:104,9
DA:107,9
DA:108,3
DA:110,6
LF:40
LH:40
BRDA:62,0,0,2
BRDA:62,0,1,2
BRDA:62,0,2,2
BRDA:62,0,3,2
BRDA:62,0,4,2
BRDA:62,0,5,2
BRDA:62,0,6,2
BRDA:72,1,0,15
BRDA:72,1,1,13
BRDA:72,1,2,13
BRDA:72,1,3,13
BRDA:72,1,4,13
BRDA:72,1,5,13
BRDA:72,1,6,13
BRDA:91,2,0,15
BRDA:91,2,1,2
BRDA:94,3,0,15
BRDA:94,3,1,0
BRDA:107,4,0,3
BRDA:107,4,1,6
BRF:20
BRH:19
end_of_record
TN:
SF:src\plugin\View\ValuesScale\interfaces.ts
FNF:0
FNH:0
LF:0
LH:0
BRF:0
BRH:0
end_of_record
TN:
SF:src\plugin\View\ValuesScale\valueScale.test.ts
FN:3,(anonymous_0)
FN:6,(anonymous_1)
FN:10,(anonymous_2)
FN:14,(anonymous_3)
FN:26,(anonymous_4)
FN:36,(anonymous_5)
FN:53,(anonymous_6)
FNF:7
FNH:7
FNDA:1,(anonymous_0)
FNDA:5,(anonymous_1)
FNDA:1,(anonymous_2)
FNDA:1,(anonymous_3)
FNDA:1,(anonymous_4)
FNDA:1,(anonymous_5)
FNDA:1,(anonymous_6)
DA:1,1
DA:3,1
DA:6,1
DA:7,5
DA:10,1
DA:11,1
DA:14,1
DA:15,1
DA:18,1
DA:19,1
DA:20,1
DA:21,1
DA:22,1
DA:23,1
DA:26,1
DA:27,1
DA:28,1
DA:29,1
DA:30,1
DA:31,1
DA:32,1
DA:33,1
DA:36,1
DA:37,1
DA:38,1
DA:39,1
DA:40,1
DA:41,1
DA:42,1
DA:43,1
DA:44,1
DA:45,1
DA:46,1
DA:47,1
DA:48,1
DA:49,1
DA:50,1
DA:53,1
DA:54,1
DA:55,1
DA:56,1
DA:57,1
DA:58,1
DA:59,1
DA:60,1
DA:61,1
DA:62,1
DA:63,1
DA:64,1
DA:65,1
DA:66,1
DA:67,1
LF:52
LH:52
BRF:0
BRH:0
end_of_record
TN:
SF:src\plugin\tools\index.test.ts
FNF:0
FNH:0
DA:1,1
DA:2,1
DA:3,1
DA:5,1
DA:6,1
DA:7,1
DA:9,1
DA:10,1
DA:11,1
DA:13,1
DA:14,1
DA:15,1
LF:12
LH:12
BRF:0
BRH:0
end_of_record
